{"/home/travis/build/npmtest/node-npmtest-pickadate/test.js":{"path":"/home/travis/build/npmtest/node-npmtest-pickadate/test.js","s":{"1":2,"2":2,"3":2,"4":2,"5":2,"6":2,"7":2,"8":1,"9":2,"10":2,"11":1,"12":1,"13":1,"14":1,"15":2,"16":2,"17":2,"18":2,"19":1,"20":1,"21":2,"22":2,"23":2,"24":1,"25":1,"26":1,"27":1,"28":1,"29":1,"30":1,"31":1,"32":1,"33":1,"34":1,"35":1,"36":1,"37":1,"38":1,"39":2,"40":2,"41":1,"42":2,"43":2,"44":1,"45":2,"46":2,"47":1,"48":2,"49":2,"50":1,"51":1,"52":1,"53":1,"54":1},"b":{"1":[2,1,1,1],"2":[1,1,1,1],"3":[1,1],"4":[1,1],"5":[1,1],"6":[1,1],"7":[1,1],"8":[1,1],"9":[1,1],"10":[1,1,1],"11":[1,1],"12":[1,1],"13":[1,1],"14":[1,1],"15":[1,1],"16":[1,1],"17":[1,1]},"f":{"1":2,"2":2,"3":2,"4":2,"5":2,"6":1,"7":1,"8":1,"9":2,"10":2,"11":2,"12":2,"13":1},"fnMap":{"1":{"name":"(anonymous_1)","line":12,"loc":{"start":{"line":12,"column":1},"end":{"line":12,"column":13}}},"2":{"name":"(anonymous_2)","line":19,"loc":{"start":{"line":19,"column":5},"end":{"line":19,"column":17}}},"3":{"name":"(anonymous_3)","line":23,"loc":{"start":{"line":23,"column":24},"end":{"line":23,"column":36}}},"4":{"name":"(anonymous_4)","line":61,"loc":{"start":{"line":61,"column":5},"end":{"line":61,"column":17}}},"5":{"name":"(anonymous_5)","line":82,"loc":{"start":{"line":82,"column":5},"end":{"line":82,"column":17}}},"6":{"name":"(anonymous_6)","line":91,"loc":{"start":{"line":91,"column":77},"end":{"line":94,"column":10}}},"7":{"name":"(anonymous_7)","line":112,"loc":{"start":{"line":112,"column":83},"end":{"line":115,"column":10}},"skip":true},"8":{"name":"(anonymous_8)","line":123,"loc":{"start":{"line":123,"column":77},"end":{"line":126,"column":10}},"skip":true},"9":{"name":"(anonymous_9)","line":139,"loc":{"start":{"line":139,"column":12},"end":{"line":139,"column":40}},"skip":true},"10":{"name":"(anonymous_10)","line":147,"loc":{"start":{"line":147,"column":77},"end":{"line":150,"column":10}},"skip":true},"11":{"name":"(anonymous_11)","line":158,"loc":{"start":{"line":158,"column":83},"end":{"line":161,"column":10}},"skip":true},"12":{"name":"(anonymous_12)","line":169,"loc":{"start":{"line":169,"column":79},"end":{"line":172,"column":10}},"skip":true},"13":{"name":"(anonymous_13)","line":180,"loc":{"start":{"line":180,"column":75},"end":{"line":183,"column":10}},"skip":true}},"statementMap":{"1":{"start":{"line":12,"column":0},"end":{"line":195,"column":5}},"2":{"start":{"line":14,"column":4},"end":{"line":14,"column":14}},"3":{"start":{"line":19,"column":4},"end":{"line":56,"column":9}},"4":{"start":{"line":21,"column":8},"end":{"line":21,"column":19}},"5":{"start":{"line":23,"column":8},"end":{"line":35,"column":13}},"6":{"start":{"line":24,"column":12},"end":{"line":34,"column":13}},"7":{"start":{"line":25,"column":16},"end":{"line":28,"column":30}},"8":{"start":{"line":30,"column":16},"end":{"line":33,"column":27}},"9":{"start":{"line":37,"column":8},"end":{"line":39,"column":21}},"10":{"start":{"line":40,"column":8},"end":{"line":53,"column":9}},"11":{"start":{"line":43,"column":12},"end":{"line":46,"column":14}},"12":{"start":{"line":47,"column":12},"end":{"line":47,"column":18}},"13":{"start":{"line":50,"column":12},"end":{"line":51,"column":33}},"14":{"start":{"line":52,"column":12},"end":{"line":52,"column":18}},"15":{"start":{"line":55,"column":8},"end":{"line":55,"column":35}},"16":{"start":{"line":61,"column":4},"end":{"line":63,"column":9}},"17":{"start":{"line":62,"column":8},"end":{"line":62,"column":15}},"18":{"start":{"line":64,"column":4},"end":{"line":77,"column":5}},"19":{"start":{"line":70,"column":8},"end":{"line":70,"column":14}},"20":{"start":{"line":76,"column":8},"end":{"line":76,"column":14}},"21":{"start":{"line":82,"column":4},"end":{"line":84,"column":9}},"22":{"start":{"line":83,"column":8},"end":{"line":83,"column":15}},"23":{"start":{"line":85,"column":4},"end":{"line":194,"column":5}},"24":{"start":{"line":91,"column":8},"end":{"line":99,"column":10}},"25":{"start":{"line":98,"column":12},"end":{"line":98,"column":35}},"26":{"start":{"line":102,"column":8},"end":{"line":104,"column":63}},"27":{"start":{"line":105,"column":8},"end":{"line":105,"column":14}},"28":{"start":{"line":112,"column":8},"end":{"line":121,"column":10},"skip":true},"29":{"start":{"line":119,"column":12},"end":{"line":119,"column":55},"skip":true},"30":{"start":{"line":120,"column":12},"end":{"line":120,"column":48},"skip":true},"31":{"start":{"line":123,"column":8},"end":{"line":136,"column":10},"skip":true},"32":{"start":{"line":130,"column":12},"end":{"line":130,"column":76},"skip":true},"33":{"start":{"line":131,"column":12},"end":{"line":131,"column":73},"skip":true},"34":{"start":{"line":132,"column":12},"end":{"line":132,"column":74},"skip":true},"35":{"start":{"line":133,"column":12},"end":{"line":133,"column":79},"skip":true},"36":{"start":{"line":134,"column":12},"end":{"line":134,"column":25},"skip":true},"37":{"start":{"line":135,"column":12},"end":{"line":135,"column":45},"skip":true},"38":{"start":{"line":138,"column":8},"end":{"line":145,"column":14},"skip":true},"39":{"start":{"line":143,"column":16},"end":{"line":143,"column":29},"skip":true},"40":{"start":{"line":144,"column":16},"end":{"line":144,"column":55},"skip":true},"41":{"start":{"line":147,"column":8},"end":{"line":156,"column":10},"skip":true},"42":{"start":{"line":154,"column":12},"end":{"line":154,"column":25},"skip":true},"43":{"start":{"line":155,"column":12},"end":{"line":155,"column":45},"skip":true},"44":{"start":{"line":158,"column":8},"end":{"line":167,"column":10},"skip":true},"45":{"start":{"line":165,"column":12},"end":{"line":165,"column":25},"skip":true},"46":{"start":{"line":166,"column":12},"end":{"line":166,"column":48},"skip":true},"47":{"start":{"line":169,"column":8},"end":{"line":178,"column":10},"skip":true},"48":{"start":{"line":176,"column":12},"end":{"line":176,"column":25},"skip":true},"49":{"start":{"line":177,"column":12},"end":{"line":177,"column":46},"skip":true},"50":{"start":{"line":180,"column":8},"end":{"line":189,"column":10},"skip":true},"51":{"start":{"line":187,"column":12},"end":{"line":187,"column":94},"skip":true},"52":{"start":{"line":188,"column":12},"end":{"line":188,"column":48},"skip":true},"53":{"start":{"line":192,"column":8},"end":{"line":192,"column":35},"skip":true},"54":{"start":{"line":193,"column":8},"end":{"line":193,"column":14},"skip":true}},"branchMap":{"1":{"line":25,"type":"binary-expr","locations":[{"start":{"line":25,"column":23},"end":{"line":25,"column":62}},{"start":{"line":26,"column":20},"end":{"line":26,"column":70}},{"start":{"line":27,"column":20},"end":{"line":27,"column":71}},{"start":{"line":28,"column":20},"end":{"line":28,"column":29}}]},"2":{"line":30,"type":"binary-expr","locations":[{"start":{"line":30,"column":23},"end":{"line":30,"column":37}},{"start":{"line":31,"column":20},"end":{"line":31,"column":61}},{"start":{"line":32,"column":20},"end":{"line":32,"column":70}},{"start":{"line":33,"column":20},"end":{"line":33,"column":26}}]},"3":{"line":37,"type":"cond-expr","locations":[{"start":{"line":38,"column":14},"end":{"line":38,"column":20}},{"start":{"line":39,"column":14},"end":{"line":39,"column":20}}]},"4":{"line":40,"type":"switch","locations":[{"start":{"line":42,"column":8},"end":{"line":47,"column":18}},{"start":{"line":49,"column":8},"end":{"line":52,"column":18}}]},"5":{"line":44,"type":"binary-expr","locations":[{"start":{"line":44,"column":16},"end":{"line":44,"column":44}},{"start":{"line":44,"column":48},"end":{"line":44,"column":66}}]},"6":{"line":50,"type":"binary-expr","locations":[{"start":{"line":50,"column":21},"end":{"line":50,"column":49}},{"start":{"line":50,"column":53},"end":{"line":50,"column":72}}]},"7":{"line":64,"type":"switch","locations":[{"start":{"line":69,"column":4},"end":{"line":70,"column":14}},{"start":{"line":75,"column":4},"end":{"line":76,"column":14}}]},"8":{"line":85,"type":"switch","locations":[{"start":{"line":90,"column":4},"end":{"line":105,"column":14}},{"start":{"line":111,"column":4},"end":{"line":193,"column":14},"skip":true}]},"9":{"line":91,"type":"binary-expr","locations":[{"start":{"line":91,"column":42},"end":{"line":91,"column":73}},{"start":{"line":91,"column":77},"end":{"line":99,"column":9}}]},"10":{"line":102,"type":"binary-expr","locations":[{"start":{"line":102,"column":18},"end":{"line":102,"column":32}},{"start":{"line":103,"column":12},"end":{"line":103,"column":53}},{"start":{"line":104,"column":12},"end":{"line":104,"column":61}}]},"11":{"line":112,"type":"binary-expr","locations":[{"start":{"line":112,"column":45},"end":{"line":112,"column":79},"skip":true},{"start":{"line":112,"column":83},"end":{"line":121,"column":9},"skip":true}]},"12":{"line":123,"type":"binary-expr","locations":[{"start":{"line":123,"column":42},"end":{"line":123,"column":73},"skip":true},{"start":{"line":123,"column":77},"end":{"line":136,"column":9},"skip":true}]},"13":{"line":138,"type":"binary-expr","locations":[{"start":{"line":138,"column":48},"end":{"line":138,"column":85},"skip":true},{"start":{"line":139,"column":12},"end":{"line":145,"column":13},"skip":true}]},"14":{"line":147,"type":"binary-expr","locations":[{"start":{"line":147,"column":42},"end":{"line":147,"column":73},"skip":true},{"start":{"line":147,"column":77},"end":{"line":156,"column":9},"skip":true}]},"15":{"line":158,"type":"binary-expr","locations":[{"start":{"line":158,"column":45},"end":{"line":158,"column":79},"skip":true},{"start":{"line":158,"column":83},"end":{"line":167,"column":9},"skip":true}]},"16":{"line":169,"type":"binary-expr","locations":[{"start":{"line":169,"column":43},"end":{"line":169,"column":75},"skip":true},{"start":{"line":169,"column":79},"end":{"line":178,"column":9},"skip":true}]},"17":{"line":180,"type":"binary-expr","locations":[{"start":{"line":180,"column":41},"end":{"line":180,"column":71},"skip":true},{"start":{"line":180,"column":75},"end":{"line":189,"column":9},"skip":true}]}},"code":["/* istanbul instrument in package npmtest_pickadate */","/*jslint","    bitwise: true,","    browser: true,","    maxerr: 8,","    maxlen: 96,","    node: true,","    nomen: true,","    regexp: true,","    stupid: true","*/","(function () {","    'use strict';","    var local;","","","","    // run shared js-env code - init-before","    (function () {","        // init local","        local = {};","        // init modeJs","        local.modeJs = (function () {","            try {","                return typeof navigator.userAgent === 'string' &&","                    typeof document.querySelector('body') === 'object' &&","                    typeof XMLHttpRequest.prototype.open === 'function' &&","                    'browser';","            } catch (errorCaughtBrowser) {","                return module.exports &&","                    typeof process.versions.node === 'string' &&","                    typeof require('http').createServer === 'function' &&","                    'node';","            }","        }());","        // init global","        local.global = local.modeJs === 'browser'","            ? window","            : global;","        switch (local.modeJs) {","        // re-init local from window.local","        case 'browser':","            local = local.global.utility2.objectSetDefault(","                local.global.utility2_rollup || local.global.local,","                local.global.utility2","            );","            break;","        // re-init local from example.js","        case 'node':","            local = (local.global.utility2_rollup || require('utility2'))","                .requireReadme();","            break;","        }","        // export local","        local.global.local = local;","    }());","","","","    // run shared js-env code - function","    (function () {","        return;","    }());","    switch (local.modeJs) {","","","","    // run browser js-env code - function","    case 'browser':","        break;","","","","    // run node js-env code - function","    case 'node':","        break;","    }","","","","    // run shared js-env code - init-after","    (function () {","        return;","    }());","    switch (local.modeJs) {","","","","    // run browser js-env code - init-after","    case 'browser':","        local.testCase_browser_nullCase = local.testCase_browser_nullCase || function (","            options,","            onError","        ) {","        /*","         * this function will test browsers's null-case handling-behavior-behavior","         */","            onError(null, options);","        };","","        // run tests","        local.nop(local.modeTest &&","            document.querySelector('#testRunButton1') &&","            document.querySelector('#testRunButton1').click());","        break;","","","","    // run node js-env code - init-after","    /* istanbul ignore next */","    case 'node':","        local.testCase_buildApidoc_default = local.testCase_buildApidoc_default || function (","            options,","            onError","        ) {","        /*","         * this function will test buildApidoc's default handling-behavior-behavior","         */","            options = { modulePathList: module.paths };","            local.buildApidoc(options, onError);","        };","","        local.testCase_buildApp_default = local.testCase_buildApp_default || function (","            options,","            onError","        ) {","        /*","         * this function will test buildApp's default handling-behavior-behavior","         */","            local.testCase_buildReadme_default(options, local.onErrorThrow);","            local.testCase_buildLib_default(options, local.onErrorThrow);","            local.testCase_buildTest_default(options, local.onErrorThrow);","            local.testCase_buildCustomOrg_default(options, local.onErrorThrow);","            options = [];","            local.buildApp(options, onError);","        };","","        local.testCase_buildCustomOrg_default = local.testCase_buildCustomOrg_default ||","            function (options, onError) {","            /*","             * this function will test buildCustomOrg's default handling-behavior","             */","                options = {};","                local.buildCustomOrg(options, onError);","            };","","        local.testCase_buildLib_default = local.testCase_buildLib_default || function (","            options,","            onError","        ) {","        /*","         * this function will test buildLib's default handling-behavior","         */","            options = {};","            local.buildLib(options, onError);","        };","","        local.testCase_buildReadme_default = local.testCase_buildReadme_default || function (","            options,","            onError","        ) {","        /*","         * this function will test buildReadme's default handling-behavior-behavior","         */","            options = {};","            local.buildReadme(options, onError);","        };","","        local.testCase_buildTest_default = local.testCase_buildTest_default || function (","            options,","            onError","        ) {","        /*","         * this function will test buildTest's default handling-behavior","         */","            options = {};","            local.buildTest(options, onError);","        };","","        local.testCase_webpage_default = local.testCase_webpage_default || function (","            options,","            onError","        ) {","        /*","         * this function will test webpage's default handling-behavior","         */","            options = { modeCoverageMerge: true, url: local.serverLocalHost + '?modeTest=1' };","            local.browserTest(options, onError);","        };","","        // run test-server","        local.testRunServer(local);","        break;","    }","}());",""],"l":{"12":2,"14":2,"19":2,"21":2,"23":2,"24":2,"25":2,"30":1,"37":2,"40":2,"43":1,"47":1,"50":1,"52":1,"55":2,"61":2,"62":2,"64":2,"70":1,"76":1,"82":2,"83":2,"85":2,"91":1,"98":1,"102":1,"105":1,"112":1,"119":1,"120":1,"123":1,"130":1,"131":1,"132":1,"133":1,"134":1,"135":1,"138":1,"143":2,"144":2,"147":1,"154":2,"155":2,"158":1,"165":2,"166":2,"169":1,"176":2,"177":2,"180":1,"187":1,"188":1,"192":1,"193":1}},"/home/travis/build/npmtest/node-npmtest-pickadate/lib.npmtest_pickadate.js":{"path":"/home/travis/build/npmtest/node-npmtest-pickadate/lib.npmtest_pickadate.js","s":{"1":2,"2":2,"3":2,"4":2,"5":2,"6":2,"7":2,"8":1,"9":2,"10":2,"11":2,"12":2,"13":1,"14":1,"15":1,"16":1},"b":{"1":[2,1,1,1],"2":[1,1,1,1],"3":[1,1],"4":[2,2],"5":[1,1]},"f":{"1":2,"2":2,"3":2},"fnMap":{"1":{"name":"(anonymous_1)","line":12,"loc":{"start":{"line":12,"column":1},"end":{"line":12,"column":13}}},"2":{"name":"(anonymous_2)","line":19,"loc":{"start":{"line":19,"column":5},"end":{"line":19,"column":17}}},"3":{"name":"(anonymous_3)","line":23,"loc":{"start":{"line":23,"column":24},"end":{"line":23,"column":36}}}},"statementMap":{"1":{"start":{"line":12,"column":0},"end":{"line":53,"column":5}},"2":{"start":{"line":14,"column":4},"end":{"line":14,"column":14}},"3":{"start":{"line":19,"column":4},"end":{"line":52,"column":9}},"4":{"start":{"line":21,"column":8},"end":{"line":21,"column":19}},"5":{"start":{"line":23,"column":8},"end":{"line":35,"column":13}},"6":{"start":{"line":24,"column":12},"end":{"line":34,"column":13}},"7":{"start":{"line":25,"column":16},"end":{"line":28,"column":30}},"8":{"start":{"line":30,"column":16},"end":{"line":33,"column":27}},"9":{"start":{"line":37,"column":8},"end":{"line":39,"column":21}},"10":{"start":{"line":41,"column":8},"end":{"line":41,"column":54}},"11":{"start":{"line":43,"column":8},"end":{"line":43,"column":54}},"12":{"start":{"line":45,"column":8},"end":{"line":51,"column":9}},"13":{"start":{"line":46,"column":12},"end":{"line":46,"column":60}},"14":{"start":{"line":48,"column":12},"end":{"line":48,"column":35}},"15":{"start":{"line":49,"column":12},"end":{"line":49,"column":49}},"16":{"start":{"line":50,"column":12},"end":{"line":50,"column":43}}},"branchMap":{"1":{"line":25,"type":"binary-expr","locations":[{"start":{"line":25,"column":23},"end":{"line":25,"column":62}},{"start":{"line":26,"column":20},"end":{"line":26,"column":70}},{"start":{"line":27,"column":20},"end":{"line":27,"column":71}},{"start":{"line":28,"column":20},"end":{"line":28,"column":29}}]},"2":{"line":30,"type":"binary-expr","locations":[{"start":{"line":30,"column":23},"end":{"line":30,"column":37}},{"start":{"line":31,"column":20},"end":{"line":31,"column":61}},{"start":{"line":32,"column":20},"end":{"line":32,"column":70}},{"start":{"line":33,"column":20},"end":{"line":33,"column":26}}]},"3":{"line":37,"type":"cond-expr","locations":[{"start":{"line":38,"column":14},"end":{"line":38,"column":20}},{"start":{"line":39,"column":14},"end":{"line":39,"column":20}}]},"4":{"line":41,"type":"binary-expr","locations":[{"start":{"line":41,"column":16},"end":{"line":41,"column":44}},{"start":{"line":41,"column":48},"end":{"line":41,"column":53}}]},"5":{"line":45,"type":"if","locations":[{"start":{"line":45,"column":8},"end":{"line":45,"column":8}},{"start":{"line":45,"column":8},"end":{"line":45,"column":8}}]}},"code":["/* istanbul instrument in package npmtest_pickadate */","/*jslint","    bitwise: true,","    browser: true,","    maxerr: 8,","    maxlen: 96,","    node: true,","    nomen: true,","    regexp: true,","    stupid: true","*/","(function () {","    'use strict';","    var local;","","","","    // run shared js-env code - init-before","    (function () {","        // init local","        local = {};","        // init modeJs","        local.modeJs = (function () {","            try {","                return typeof navigator.userAgent === 'string' &&","                    typeof document.querySelector('body') === 'object' &&","                    typeof XMLHttpRequest.prototype.open === 'function' &&","                    'browser';","            } catch (errorCaughtBrowser) {","                return module.exports &&","                    typeof process.versions.node === 'string' &&","                    typeof require('http').createServer === 'function' &&","                    'node';","            }","        }());","        // init global","        local.global = local.modeJs === 'browser'","            ? window","            : global;","        // init utility2_rollup","        local = local.global.utility2_rollup || local;","        // init lib","        local.local = local.npmtest_pickadate = local;","        // init exports","        if (local.modeJs === 'browser') {","            local.global.utility2_npmtest_pickadate = local;","        } else {","            module.exports = local;","            module.exports.__dirname = __dirname;","            module.exports.module = module;","        }","    }());","}());",""],"l":{"12":2,"14":2,"19":2,"21":2,"23":2,"24":2,"25":2,"30":1,"37":2,"41":2,"43":2,"45":2,"46":1,"48":1,"49":1,"50":1}},"/home/travis/build/npmtest/node-npmtest-pickadate/example.js":{"path":"/home/travis/build/npmtest/node-npmtest-pickadate/example.js","s":{"1":2,"2":2,"3":2,"4":2,"5":2,"6":2,"7":2,"8":1,"9":2,"10":2,"11":2,"12":2,"13":1,"14":2,"15":2,"16":2,"17":2,"18":2,"19":0,"20":2,"21":1,"22":1,"23":1,"24":1,"25":1,"26":0,"27":0,"28":1,"29":1,"30":2,"31":0,"32":0,"33":0,"34":1,"35":2,"36":2,"37":3,"38":3,"39":3,"40":3,"41":0,"42":3,"43":3,"44":3,"45":1,"46":3,"47":1,"48":1,"49":1,"50":1,"51":1,"52":1,"53":1,"54":1,"55":1,"56":1,"57":0,"58":1,"59":6,"60":6,"61":1,"62":2,"63":0,"64":2,"65":1,"66":1,"67":0,"68":0,"69":0,"70":0,"71":0,"72":0,"73":0,"74":0,"75":0,"76":0,"77":0,"78":0,"79":0,"80":0,"81":0,"82":0,"83":0},"b":{"1":[2,1,1,1],"2":[1,1,1,1],"3":[1,1],"4":[2,2],"5":[1,1],"6":[1,1],"7":[2,0],"8":[2,1,1,1,1,1],"9":[0,2,0],"10":[1,1],"11":[2,1,1],"12":[1,0],"13":[0,2],"14":[2,0,0,0,0,0,0],"15":[0,3],"16":[3,0],"17":[1,1],"18":[0,1],"19":[1,2,0,2],"20":[1,0],"21":[1,1],"22":[0,0],"23":[0,0],"24":[0,0],"25":[0,0],"26":[0,0],"27":[0,0],"28":[0,0]},"f":{"1":2,"2":2,"3":2,"4":2,"5":2,"6":2,"7":3,"8":3,"9":3,"10":1,"11":6,"12":0},"fnMap":{"1":{"name":"(anonymous_1)","line":26,"loc":{"start":{"line":26,"column":1},"end":{"line":26,"column":13}}},"2":{"name":"(anonymous_2)","line":33,"loc":{"start":{"line":33,"column":5},"end":{"line":33,"column":17}}},"3":{"name":"(anonymous_3)","line":37,"loc":{"start":{"line":37,"column":24},"end":{"line":37,"column":36}}},"4":{"name":"(anonymous_4)","line":69,"loc":{"start":{"line":69,"column":31},"end":{"line":69,"column":48}},"skip":true},"5":{"name":"(anonymous_5)","line":78,"loc":{"start":{"line":78,"column":26},"end":{"line":78,"column":45}},"skip":true},"6":{"name":"(anonymous_6)","line":123,"loc":{"start":{"line":123,"column":33},"end":{"line":123,"column":48}},"skip":true},"7":{"name":"(anonymous_7)","line":125,"loc":{"start":{"line":125,"column":27},"end":{"line":125,"column":39}},"skip":true},"8":{"name":"(anonymous_8)","line":133,"loc":{"start":{"line":133,"column":59},"end":{"line":133,"column":74}},"skip":true},"9":{"name":"(anonymous_9)","line":143,"loc":{"start":{"line":143,"column":45},"end":{"line":143,"column":62}},"skip":true},"10":{"name":"(anonymous_10)","line":144,"loc":{"start":{"line":144,"column":73},"end":{"line":144,"column":92}},"skip":true},"11":{"name":"(anonymous_11)","line":272,"loc":{"start":{"line":272,"column":51},"end":{"line":272,"column":77}},"skip":true},"12":{"name":"(anonymous_12)","line":315,"loc":{"start":{"line":315,"column":32},"end":{"line":315,"column":61}},"skip":true}},"statementMap":{"1":{"start":{"line":26,"column":0},"end":{"line":326,"column":5}},"2":{"start":{"line":28,"column":4},"end":{"line":28,"column":14}},"3":{"start":{"line":33,"column":4},"end":{"line":60,"column":9}},"4":{"start":{"line":35,"column":8},"end":{"line":35,"column":19}},"5":{"start":{"line":37,"column":8},"end":{"line":49,"column":13}},"6":{"start":{"line":38,"column":12},"end":{"line":48,"column":13}},"7":{"start":{"line":39,"column":16},"end":{"line":42,"column":30}},"8":{"start":{"line":44,"column":16},"end":{"line":47,"column":27}},"9":{"start":{"line":51,"column":8},"end":{"line":53,"column":21}},"10":{"start":{"line":55,"column":8},"end":{"line":57,"column":45}},"11":{"start":{"line":59,"column":8},"end":{"line":59,"column":35}},"12":{"start":{"line":61,"column":4},"end":{"line":325,"column":5}},"13":{"start":{"line":69,"column":8},"end":{"line":121,"column":10},"skip":true},"14":{"start":{"line":70,"column":12},"end":{"line":88,"column":13},"skip":true},"15":{"start":{"line":76,"column":16},"end":{"line":87,"column":19},"skip":true},"16":{"start":{"line":79,"column":20},"end":{"line":86,"column":21},"skip":true},"17":{"start":{"line":82,"column":24},"end":{"line":82,"column":43},"skip":true},"18":{"start":{"line":83,"column":24},"end":{"line":83,"column":30},"skip":true},"19":{"start":{"line":85,"column":24},"end":{"line":85,"column":49},"skip":true},"20":{"start":{"line":89,"column":12},"end":{"line":107,"column":13},"skip":true},"21":{"start":{"line":92,"column":16},"end":{"line":102,"column":17},"skip":true},"22":{"start":{"line":93,"column":20},"end":{"line":93,"column":86},"skip":true},"23":{"start":{"line":94,"column":20},"end":{"line":95,"column":45},"skip":true},"24":{"start":{"line":96,"column":20},"end":{"line":96,"column":42},"skip":true},"25":{"start":{"line":97,"column":20},"end":{"line":97,"column":48},"skip":true},"26":{"start":{"line":100,"column":20},"end":{"line":100,"column":85},"skip":true},"27":{"start":{"line":101,"column":20},"end":{"line":101,"column":96},"skip":true},"28":{"start":{"line":103,"column":16},"end":{"line":103,"column":22},"skip":true},"29":{"start":{"line":106,"column":16},"end":{"line":106,"column":22},"skip":true},"30":{"start":{"line":108,"column":12},"end":{"line":120,"column":13},"skip":true},"31":{"start":{"line":114,"column":16},"end":{"line":119,"column":17},"skip":true},"32":{"start":{"line":116,"column":20},"end":{"line":116,"column":78},"skip":true},"33":{"start":{"line":118,"column":20},"end":{"line":118,"column":47},"skip":true},"34":{"start":{"line":123,"column":8},"end":{"line":141,"column":11},"skip":true},"35":{"start":{"line":124,"column":12},"end":{"line":124,"column":54},"skip":true},"36":{"start":{"line":125,"column":12},"end":{"line":140,"column":14},"skip":true},"37":{"start":{"line":126,"column":16},"end":{"line":126,"column":28},"skip":true},"38":{"start":{"line":127,"column":16},"end":{"line":127,"column":69},"skip":true},"39":{"start":{"line":128,"column":16},"end":{"line":128,"column":75},"skip":true},"40":{"start":{"line":129,"column":16},"end":{"line":131,"column":17},"skip":true},"41":{"start":{"line":130,"column":20},"end":{"line":130,"column":27},"skip":true},"42":{"start":{"line":133,"column":16},"end":{"line":137,"column":36},"skip":true},"43":{"start":{"line":134,"column":20},"end":{"line":136,"column":55},"skip":true},"44":{"start":{"line":139,"column":16},"end":{"line":139,"column":57},"skip":true},"45":{"start":{"line":143,"column":8},"end":{"line":147,"column":11},"skip":true},"46":{"start":{"line":144,"column":12},"end":{"line":146,"column":15},"skip":true},"47":{"start":{"line":145,"column":16},"end":{"line":145,"column":70},"skip":true},"48":{"start":{"line":149,"column":8},"end":{"line":149,"column":31},"skip":true},"49":{"start":{"line":150,"column":8},"end":{"line":150,"column":14},"skip":true},"50":{"start":{"line":158,"column":8},"end":{"line":158,"column":31},"skip":true},"51":{"start":{"line":160,"column":8},"end":{"line":160,"column":33},"skip":true},"52":{"start":{"line":161,"column":8},"end":{"line":161,"column":37},"skip":true},"53":{"start":{"line":162,"column":8},"end":{"line":162,"column":35},"skip":true},"54":{"start":{"line":164,"column":8},"end":{"line":164,"column":50},"skip":true},"55":{"start":{"line":166,"column":8},"end":{"line":256,"column":2},"skip":true},"56":{"start":{"line":258,"column":8},"end":{"line":286,"column":9},"skip":true},"57":{"start":{"line":259,"column":12},"end":{"line":269,"column":14},"skip":true},"58":{"start":{"line":271,"column":12},"end":{"line":285,"column":19},"skip":true},"59":{"start":{"line":274,"column":20},"end":{"line":274,"column":35},"skip":true},"60":{"start":{"line":275,"column":20},"end":{"line":284,"column":21},"skip":true},"61":{"start":{"line":277,"column":24},"end":{"line":277,"column":64},"skip":true},"62":{"start":{"line":279,"column":24},"end":{"line":279,"column":40},"skip":true},"63":{"start":{"line":281,"column":24},"end":{"line":281,"column":40},"skip":true},"64":{"start":{"line":283,"column":24},"end":{"line":283,"column":39},"skip":true},"65":{"start":{"line":288,"column":8},"end":{"line":290,"column":9},"skip":true},"66":{"start":{"line":289,"column":12},"end":{"line":289,"column":18},"skip":true},"67":{"start":{"line":291,"column":8},"end":{"line":293,"column":54},"skip":true},"68":{"start":{"line":296,"column":8},"end":{"line":301,"column":37},"skip":true},"69":{"start":{"line":303,"column":8},"end":{"line":303,"column":82},"skip":true},"70":{"start":{"line":306,"column":8},"end":{"line":308,"column":9},"skip":true},"71":{"start":{"line":307,"column":12},"end":{"line":307,"column":82},"skip":true},"72":{"start":{"line":310,"column":8},"end":{"line":312,"column":9},"skip":true},"73":{"start":{"line":311,"column":12},"end":{"line":311,"column":18},"skip":true},"74":{"start":{"line":313,"column":8},"end":{"line":313,"column":54},"skip":true},"75":{"start":{"line":314,"column":8},"end":{"line":314,"column":69},"skip":true},"76":{"start":{"line":315,"column":8},"end":{"line":323,"column":36},"skip":true},"77":{"start":{"line":316,"column":12},"end":{"line":316,"column":61},"skip":true},"78":{"start":{"line":317,"column":12},"end":{"line":320,"column":13},"skip":true},"79":{"start":{"line":318,"column":16},"end":{"line":318,"column":75},"skip":true},"80":{"start":{"line":319,"column":16},"end":{"line":319,"column":23},"skip":true},"81":{"start":{"line":321,"column":12},"end":{"line":321,"column":38},"skip":true},"82":{"start":{"line":322,"column":12},"end":{"line":322,"column":27},"skip":true},"83":{"start":{"line":324,"column":8},"end":{"line":324,"column":14},"skip":true}},"branchMap":{"1":{"line":39,"type":"binary-expr","locations":[{"start":{"line":39,"column":23},"end":{"line":39,"column":62}},{"start":{"line":40,"column":20},"end":{"line":40,"column":70}},{"start":{"line":41,"column":20},"end":{"line":41,"column":71}},{"start":{"line":42,"column":20},"end":{"line":42,"column":29}}]},"2":{"line":44,"type":"binary-expr","locations":[{"start":{"line":44,"column":23},"end":{"line":44,"column":37}},{"start":{"line":45,"column":20},"end":{"line":45,"column":61}},{"start":{"line":46,"column":20},"end":{"line":46,"column":70}},{"start":{"line":47,"column":20},"end":{"line":47,"column":26}}]},"3":{"line":51,"type":"cond-expr","locations":[{"start":{"line":52,"column":14},"end":{"line":52,"column":20}},{"start":{"line":53,"column":14},"end":{"line":53,"column":20}}]},"4":{"line":55,"type":"binary-expr","locations":[{"start":{"line":55,"column":16},"end":{"line":55,"column":44}},{"start":{"line":55,"column":49},"end":{"line":57,"column":43}}]},"5":{"line":55,"type":"cond-expr","locations":[{"start":{"line":56,"column":14},"end":{"line":56,"column":53}},{"start":{"line":57,"column":14},"end":{"line":57,"column":43}}]},"6":{"line":61,"type":"switch","locations":[{"start":{"line":68,"column":4},"end":{"line":150,"column":14},"skip":true},{"start":{"line":156,"column":4},"end":{"line":324,"column":14},"skip":true}]},"7":{"line":70,"type":"if","locations":[{"start":{"line":70,"column":12},"end":{"line":70,"column":12},"skip":true},{"start":{"line":70,"column":12},"end":{"line":70,"column":12},"skip":true}]},"8":{"line":70,"type":"binary-expr","locations":[{"start":{"line":70,"column":16},"end":{"line":70,"column":22},"skip":true},{"start":{"line":70,"column":27},"end":{"line":70,"column":32},"skip":true},{"start":{"line":71,"column":20},"end":{"line":71,"column":39},"skip":true},{"start":{"line":72,"column":20},"end":{"line":72,"column":49},"skip":true},{"start":{"line":73,"column":20},"end":{"line":73,"column":58},"skip":true},{"start":{"line":74,"column":20},"end":{"line":74,"column":69},"skip":true}]},"9":{"line":79,"type":"switch","locations":[{"start":{"line":80,"column":20},"end":{"line":80,"column":33},"skip":true},{"start":{"line":81,"column":20},"end":{"line":83,"column":30},"skip":true},{"start":{"line":84,"column":20},"end":{"line":85,"column":49},"skip":true}]},"10":{"line":89,"type":"switch","locations":[{"start":{"line":90,"column":12},"end":{"line":103,"column":22},"skip":true},{"start":{"line":105,"column":12},"end":{"line":106,"column":22},"skip":true}]},"11":{"line":89,"type":"binary-expr","locations":[{"start":{"line":89,"column":20},"end":{"line":89,"column":25},"skip":true},{"start":{"line":89,"column":29},"end":{"line":89,"column":48},"skip":true},{"start":{"line":89,"column":52},"end":{"line":89,"column":74},"skip":true}]},"12":{"line":92,"type":"if","locations":[{"start":{"line":92,"column":16},"end":{"line":92,"column":16},"skip":true},{"start":{"line":92,"column":16},"end":{"line":92,"column":16},"skip":true}]},"13":{"line":108,"type":"if","locations":[{"start":{"line":108,"column":12},"end":{"line":108,"column":12},"skip":true},{"start":{"line":108,"column":12},"end":{"line":108,"column":12},"skip":true}]},"14":{"line":108,"type":"binary-expr","locations":[{"start":{"line":108,"column":16},"end":{"line":108,"column":61},"skip":true},{"start":{"line":108,"column":66},"end":{"line":108,"column":72},"skip":true},{"start":{"line":108,"column":77},"end":{"line":108,"column":82},"skip":true},{"start":{"line":109,"column":20},"end":{"line":109,"column":39},"skip":true},{"start":{"line":110,"column":20},"end":{"line":110,"column":49},"skip":true},{"start":{"line":111,"column":20},"end":{"line":111,"column":58},"skip":true},{"start":{"line":112,"column":20},"end":{"line":112,"column":68},"skip":true}]},"15":{"line":129,"type":"if","locations":[{"start":{"line":129,"column":16},"end":{"line":129,"column":16},"skip":true},{"start":{"line":129,"column":16},"end":{"line":129,"column":16},"skip":true}]},"16":{"line":134,"type":"cond-expr","locations":[{"start":{"line":135,"column":26},"end":{"line":135,"column":29},"skip":true},{"start":{"line":136,"column":26},"end":{"line":136,"column":54},"skip":true}]},"17":{"line":164,"type":"binary-expr","locations":[{"start":{"line":164,"column":27},"end":{"line":164,"column":43},"skip":true},{"start":{"line":164,"column":47},"end":{"line":164,"column":49},"skip":true}]},"18":{"line":258,"type":"if","locations":[{"start":{"line":258,"column":8},"end":{"line":258,"column":8},"skip":true},{"start":{"line":258,"column":8},"end":{"line":258,"column":8},"skip":true}]},"19":{"line":275,"type":"switch","locations":[{"start":{"line":276,"column":20},"end":{"line":277,"column":64},"skip":true},{"start":{"line":278,"column":20},"end":{"line":279,"column":40},"skip":true},{"start":{"line":280,"column":20},"end":{"line":281,"column":40},"skip":true},{"start":{"line":282,"column":20},"end":{"line":283,"column":39},"skip":true}]},"20":{"line":288,"type":"if","locations":[{"start":{"line":288,"column":8},"end":{"line":288,"column":8},"skip":true},{"start":{"line":288,"column":8},"end":{"line":288,"column":8},"skip":true}]},"21":{"line":288,"type":"binary-expr","locations":[{"start":{"line":288,"column":12},"end":{"line":288,"column":40},"skip":true},{"start":{"line":288,"column":44},"end":{"line":288,"column":67},"skip":true}]},"22":{"line":292,"type":"binary-expr","locations":[{"start":{"line":292,"column":12},"end":{"line":292,"column":50},"skip":true},{"start":{"line":293,"column":12},"end":{"line":293,"column":53},"skip":true}]},"23":{"line":297,"type":"binary-expr","locations":[{"start":{"line":297,"column":12},"end":{"line":297,"column":67},"skip":true},{"start":{"line":298,"column":12},"end":{"line":301,"column":36},"skip":true}]},"24":{"line":303,"type":"binary-expr","locations":[{"start":{"line":303,"column":43},"end":{"line":303,"column":75},"skip":true},{"start":{"line":303,"column":79},"end":{"line":303,"column":81},"skip":true}]},"25":{"line":306,"type":"if","locations":[{"start":{"line":306,"column":8},"end":{"line":306,"column":8},"skip":true},{"start":{"line":306,"column":8},"end":{"line":306,"column":8},"skip":true}]},"26":{"line":310,"type":"if","locations":[{"start":{"line":310,"column":8},"end":{"line":310,"column":8},"skip":true},{"start":{"line":310,"column":8},"end":{"line":310,"column":8},"skip":true}]},"27":{"line":313,"type":"binary-expr","locations":[{"start":{"line":313,"column":27},"end":{"line":313,"column":43},"skip":true},{"start":{"line":313,"column":47},"end":{"line":313,"column":53},"skip":true}]},"28":{"line":317,"type":"if","locations":[{"start":{"line":317,"column":12},"end":{"line":317,"column":12},"skip":true},{"start":{"line":317,"column":12},"end":{"line":317,"column":12},"skip":true}]}},"code":["/*","example.js","","quickstart example","","instruction","    1. save this script as example.js","    2. run the shell command:","        $ npm install npmtest-pickadate && PORT=8081 node example.js","    3. play with the browser-demo on http://127.0.0.1:8081","*/","","","","/* istanbul instrument in package npmtest_pickadate */","/*jslint","    bitwise: true,","    browser: true,","    maxerr: 8,","    maxlen: 96,","    node: true,","    nomen: true,","    regexp: true,","    stupid: true","*/","(function () {","    'use strict';","    var local;","","","","    // run shared js-env code - init-before","    (function () {","        // init local","        local = {};","        // init modeJs","        local.modeJs = (function () {","            try {","                return typeof navigator.userAgent === 'string' &&","                    typeof document.querySelector('body') === 'object' &&","                    typeof XMLHttpRequest.prototype.open === 'function' &&","                    'browser';","            } catch (errorCaughtBrowser) {","                return module.exports &&","                    typeof process.versions.node === 'string' &&","                    typeof require('http').createServer === 'function' &&","                    'node';","            }","        }());","        // init global","        local.global = local.modeJs === 'browser'","            ? window","            : global;","        // init utility2_rollup","        local = local.global.utility2_rollup || (local.modeJs === 'browser'","            ? local.global.utility2_npmtest_pickadate","            : global.utility2_moduleExports);","        // export local","        local.global.local = local;","    }());","    switch (local.modeJs) {","","","","    // init-after","    // run browser js-env code - init-after","    /* istanbul ignore next */","    case 'browser':","        local.testRunBrowser = function (event) {","            if (!event || (event &&","                    event.currentTarget &&","                    event.currentTarget.className &&","                    event.currentTarget.className.includes &&","                    event.currentTarget.className.includes('onreset'))) {","                // reset output","                Array.from(","                    document.querySelectorAll('body > .resettable')","                ).forEach(function (element) {","                    switch (element.tagName) {","                    case 'INPUT':","                    case 'TEXTAREA':","                        element.value = '';","                        break;","                    default:","                        element.textContent = '';","                    }","                });","            }","            switch (event && event.currentTarget && event.currentTarget.id) {","            case 'testRunButton1':","                // show tests","                if (document.querySelector('#testReportDiv1').style.display === 'none') {","                    document.querySelector('#testReportDiv1').style.display = 'block';","                    document.querySelector('#testRunButton1').textContent =","                        'hide internal test';","                    local.modeTest = true;","                    local.testRunDefault(local);","                // hide tests","                } else {","                    document.querySelector('#testReportDiv1').style.display = 'none';","                    document.querySelector('#testRunButton1').textContent = 'run internal test';","                }","                break;","            // custom-case","            default:","                break;","            }","            if (document.querySelector('#inputTextareaEval1') && (!event || (event &&","                    event.currentTarget &&","                    event.currentTarget.className &&","                    event.currentTarget.className.includes &&","                    event.currentTarget.className.includes('oneval')))) {","                // try to eval input-code","                try {","                    /*jslint evil: true*/","                    eval(document.querySelector('#inputTextareaEval1').value);","                } catch (errorCaught) {","                    console.error(errorCaught);","                }","            }","        };","        // log stderr and stdout to #outputTextareaStdout1","        ['error', 'log'].forEach(function (key) {","            console[key + '_original'] = console[key];","            console[key] = function () {","                var element;","                console[key + '_original'].apply(console, arguments);","                element = document.querySelector('#outputTextareaStdout1');","                if (!element) {","                    return;","                }","                // append text to #outputTextareaStdout1","                element.value += Array.from(arguments).map(function (arg) {","                    return typeof arg === 'string'","                        ? arg","                        : JSON.stringify(arg, null, 4);","                }).join(' ') + '\\n';","                // scroll textarea to bottom","                element.scrollTop = element.scrollHeight;","            };","        });","        // init event-handling","        ['change', 'click', 'keyup'].forEach(function (event) {","            Array.from(document.querySelectorAll('.on' + event)).forEach(function (element) {","                element.addEventListener(event, local.testRunBrowser);","            });","        });","        // run tests","        local.testRunBrowser();","        break;","","","","    // run node js-env code - init-after","    /* istanbul ignore next */","    case 'node':","        // export local","        module.exports = local;","        // require modules","        local.fs = require('fs');","        local.http = require('http');","        local.url = require('url');","        // init assets","        local.assetsDict = local.assetsDict || {};","        /* jslint-ignore-begin */","        local.assetsDict['/assets.index.template.html'] = '\\","<!doctype html>\\n\\","<html lang=\"en\">\\n\\","<head>\\n\\","<meta charset=\"UTF-8\">\\n\\","<meta name=\"viewport\" content=\"width=device-width, initial-scale=1\">\\n\\","<title>{{env.npm_package_name}} (v{{env.npm_package_version}})</title>\\n\\","<style>\\n\\","/*csslint\\n\\","    box-sizing: false,\\n\\","    universal-selector: false\\n\\","*/\\n\\","* {\\n\\","    box-sizing: border-box;\\n\\","}\\n\\","body {\\n\\","    background: #dde;\\n\\","    font-family: Arial, Helvetica, sans-serif;\\n\\","    margin: 2rem;\\n\\","}\\n\\","body > * {\\n\\","    margin-bottom: 1rem;\\n\\","}\\n\\",".utility2FooterDiv {\\n\\","    margin-top: 20px;\\n\\","    text-align: center;\\n\\","}\\n\\","</style>\\n\\","<style>\\n\\","/*csslint\\n\\","*/\\n\\","textarea {\\n\\","    font-family: monospace;\\n\\","    height: 10rem;\\n\\","    width: 100%;\\n\\","}\\n\\","textarea[readonly] {\\n\\","    background: #ddd;\\n\\","}\\n\\","</style>\\n\\","</head>\\n\\","<body>\\n\\","<!-- utility2-comment\\n\\","<div id=\"ajaxProgressDiv1\" style=\"background: #d00; height: 2px; left: 0; margin: 0; padding: 0; position: fixed; top: 0; transition: background 0.5s, width 1.5s; width: 25%;\"></div>\\n\\","utility2-comment -->\\n\\","<h1>\\n\\","<!-- utility2-comment\\n\\","    <a\\n\\","        {{#if env.npm_package_homepage}}\\n\\","        href=\"{{env.npm_package_homepage}}\"\\n\\","        {{/if env.npm_package_homepage}}\\n\\","        target=\"_blank\"\\n\\","    >\\n\\","utility2-comment -->\\n\\","        {{env.npm_package_name}} (v{{env.npm_package_version}})\\n\\","<!-- utility2-comment\\n\\","    </a>\\n\\","utility2-comment -->\\n\\","</h1>\\n\\","<h3>{{env.npm_package_description}}</h3>\\n\\","<!-- utility2-comment\\n\\","<h4><a download href=\"assets.app.js\">download standalone app</a></h4>\\n\\","<button class=\"onclick onreset\" id=\"testRunButton1\">run internal test</button><br>\\n\\","<div id=\"testReportDiv1\" style=\"display: none;\"></div>\\n\\","utility2-comment -->\\n\\","\\n\\","\\n\\","\\n\\","<label>stderr and stdout</label>\\n\\","<textarea class=\"resettable\" id=\"outputTextareaStdout1\" readonly></textarea>\\n\\","<!-- utility2-comment\\n\\","{{#if isRollup}}\\n\\","<script src=\"assets.app.js\"></script>\\n\\","{{#unless isRollup}}\\n\\","utility2-comment -->\\n\\","<script src=\"assets.utility2.rollup.js\"></script>\\n\\","<script src=\"jsonp.utility2._stateInit?callback=window.utility2._stateInit\"></script>\\n\\","<script src=\"assets.npmtest_pickadate.rollup.js\"></script>\\n\\","<script src=\"assets.example.js\"></script>\\n\\","<script src=\"assets.test.js\"></script>\\n\\","<!-- utility2-comment\\n\\","{{/if isRollup}}\\n\\","utility2-comment -->\\n\\","<div class=\"utility2FooterDiv\">\\n\\","    [ this app was created with\\n\\","    <a href=\"https://github.com/kaizhu256/node-utility2\" target=\"_blank\">utility2</a>\\n\\","    ]\\n\\","</div>\\n\\","</body>\\n\\","</html>\\n\\","';","        /* jslint-ignore-end */","        if (local.templateRender) {","            local.assetsDict['/'] = local.templateRender(","                local.assetsDict['/assets.index.template.html'],","                {","                    env: local.objectSetDefault(local.env, {","                        npm_package_description: 'the greatest app in the world!',","                        npm_package_name: 'my-app',","                        npm_package_nameAlias: 'my_app',","                        npm_package_version: '0.0.1'","                    })","                }","            );","        } else {","            local.assetsDict['/'] = local.assetsDict['/assets.index.template.html']","                .replace((/\\{\\{env\\.(\\w+?)\\}\\}/g), function (match0, match1) {","                    // jslint-hack","                    String(match0);","                    switch (match1) {","                    case 'npm_package_description':","                        return 'the greatest app in the world!';","                    case 'npm_package_name':","                        return 'my-app';","                    case 'npm_package_nameAlias':","                        return 'my_app';","                    case 'npm_package_version':","                        return '0.0.1';","                    }","                });","        }","        // run the cli","        if (local.global.utility2_rollup || module !== require.main) {","            break;","        }","        local.assetsDict['/assets.example.js'] =","            local.assetsDict['/assets.example.js'] ||","            local.fs.readFileSync(__filename, 'utf8');","        // bug-workaround - long $npm_package_buildCustomOrg","        /* jslint-ignore-begin */","        local.assetsDict['/assets.npmtest_pickadate.rollup.js'] =","            local.assetsDict['/assets.npmtest_pickadate.rollup.js'] ||","            local.fs.readFileSync(","                local.npmtest_pickadate.__dirname + '/lib.npmtest_pickadate.js',","                'utf8'","            ).replace((/^#!/), '//');","        /* jslint-ignore-end */","        local.assetsDict['/favicon.ico'] = local.assetsDict['/favicon.ico'] || '';","        // if $npm_config_timeout_exit exists,","        // then exit this process after $npm_config_timeout_exit ms","        if (Number(process.env.npm_config_timeout_exit)) {","            setTimeout(process.exit, Number(process.env.npm_config_timeout_exit));","        }","        // start server","        if (local.global.utility2_serverHttp1) {","            break;","        }","        process.env.PORT = process.env.PORT || '8081';","        console.error('server starting on port ' + process.env.PORT);","        local.http.createServer(function (request, response) {","            request.urlParsed = local.url.parse(request.url);","            if (local.assetsDict[request.urlParsed.pathname] !== undefined) {","                response.end(local.assetsDict[request.urlParsed.pathname]);","                return;","            }","            response.statusCode = 404;","            response.end();","        }).listen(process.env.PORT);","        break;","    }","}());",""],"l":{"26":2,"28":2,"33":2,"35":2,"37":2,"38":2,"39":2,"44":1,"51":2,"55":2,"59":2,"61":2,"69":1,"70":2,"76":2,"79":2,"82":2,"83":2,"85":1,"89":2,"92":1,"93":1,"94":1,"96":1,"97":1,"100":1,"101":1,"103":1,"106":1,"108":2,"114":1,"116":1,"118":1,"123":1,"124":2,"125":2,"126":3,"127":3,"128":3,"129":3,"130":1,"133":3,"134":3,"139":3,"143":1,"144":3,"145":1,"149":1,"150":1,"158":1,"160":1,"161":1,"162":1,"164":1,"166":1,"258":1,"259":1,"271":1,"274":6,"275":6,"277":1,"279":2,"281":1,"283":2,"288":1,"289":1,"291":1,"296":1,"303":1,"306":1,"307":1,"310":1,"311":1,"313":1,"314":1,"315":1,"316":1,"317":1,"318":1,"319":1,"321":1,"322":1,"324":1}},"/home/travis/build/npmtest/node-npmtest-pickadate/node_modules/pickadate/Gruntfile.js":{"path":"/home/travis/build/npmtest/node-npmtest-pickadate/node_modules/pickadate/Gruntfile.js","s":{"1":1,"2":0,"3":0,"4":0,"5":0,"6":0,"7":0,"8":0,"9":0,"10":0,"11":0,"12":0,"13":0,"14":0,"15":0},"b":{},"f":{"1":0},"fnMap":{"1":{"name":"(anonymous_1)","line":11,"loc":{"start":{"line":11,"column":17},"end":{"line":11,"column":35}}}},"statementMap":{"1":{"start":{"line":11,"column":0},"end":{"line":156,"column":1}},"2":{"start":{"line":14,"column":4},"end":{"line":14,"column":59}},"3":{"start":{"line":18,"column":4},"end":{"line":18,"column":47}},"4":{"start":{"line":19,"column":4},"end":{"line":19,"column":48}},"5":{"start":{"line":20,"column":4},"end":{"line":20,"column":47}},"6":{"start":{"line":21,"column":4},"end":{"line":21,"column":46}},"7":{"start":{"line":22,"column":4},"end":{"line":22,"column":48}},"8":{"start":{"line":23,"column":4},"end":{"line":23,"column":48}},"9":{"start":{"line":24,"column":4},"end":{"line":24,"column":46}},"10":{"start":{"line":28,"column":4},"end":{"line":143,"column":6}},"11":{"start":{"line":147,"column":4},"end":{"line":147,"column":50}},"12":{"start":{"line":149,"column":4},"end":{"line":149,"column":72}},"13":{"start":{"line":150,"column":4},"end":{"line":150,"column":82}},"14":{"start":{"line":152,"column":4},"end":{"line":152,"column":75}},"15":{"start":{"line":154,"column":4},"end":{"line":154,"column":55}}},"branchMap":{},"code":["","/*!"," * This Gruntfile is used to build the project files."," */","","/*jshint","    node: true"," */","","","module.exports = function( grunt ) {","","    // Read the package manifest.","    var packageJSON = grunt.file.readJSON( 'package.json' )","","","    // Load the NPM tasks.","    grunt.loadNpmTasks( 'grunt-contrib-watch' )","    grunt.loadNpmTasks( 'grunt-contrib-jshint' )","    grunt.loadNpmTasks( 'grunt-contrib-qunit' )","    grunt.loadNpmTasks( 'grunt-contrib-less' )","    grunt.loadNpmTasks( 'grunt-contrib-cssmin' )","    grunt.loadNpmTasks( 'grunt-contrib-uglify' )","    grunt.loadNpmTasks( 'grunt-autoprefixer' )","","","    // Setup the initial configurations.","    grunt.initConfig({","","","        // Add the package data.","        pkg: packageJSON,","","","        // Set up the directories.","        dirs: {","            tests: 'tests',","            lib: {","                src: 'lib',","                min: 'lib/compressed'","            },","            themes: {","                src: 'lib/themes-source',","                dest: 'lib/themes',","                min: 'lib/compressed/themes'","            },","            translations: {","                src: 'lib/translations',","                min: 'lib/compressed/translations'","            },","        },","","","        // Compile LESS into CSS.","        less: {","            options: {","                style: 'expanded'","            },","            themes: {","                files: {","                    '<%= dirs.themes.dest %>/default.css': [ '<%= dirs.themes.src %>/base.less', '<%= dirs.themes.src %>/default.less' ],","                    '<%= dirs.themes.dest %>/classic.css': [ '<%= dirs.themes.src %>/base.less', '<%= dirs.themes.src %>/classic.less' ],","                    '<%= dirs.themes.dest %>/default.date.css': [ '<%= dirs.themes.src %>/base.date.less', '<%= dirs.themes.src %>/default.date.less' ],","                    '<%= dirs.themes.dest %>/default.time.css': [ '<%= dirs.themes.src %>/base.time.less', '<%= dirs.themes.src %>/default.time.less' ],","                    '<%= dirs.themes.dest %>/classic.date.css': [ '<%= dirs.themes.src %>/base.date.less', '<%= dirs.themes.src %>/classic.date.less' ],","                    '<%= dirs.themes.dest %>/classic.time.css': [ '<%= dirs.themes.src %>/base.time.less', '<%= dirs.themes.src %>/classic.time.less' ],","                    '<%= dirs.themes.dest %>/rtl.css': [ '<%= dirs.themes.src %>/rtl.less' ]","                }","            }","        },","","","        // Lint the files.","        jshint: {","            options: {","                jshintrc: true","            },","            gruntfile: 'Gruntfile.js',","            lib: [","                '<%= dirs.tests %>/units/*.js',","                '<%= dirs.lib.src %>/**/*.js',","","                // Ignore the legacy and minified files.","                '!<%= dirs.lib.src %>/legacy.js',","                '!<%= dirs.lib.src %>/compressed/**/*.js'","            ]","        },","","","        // Minify all the things!","        uglify: {","            options: {","                preserveComments: 'some'","            },","            lib: {","                files: [","                    {","                        expand : true,","                        cwd : '<%= dirs.lib.src %>',","                        src   : [ '**/*.js', '!compressed/**/*.js' ],","                        dest : '<%= dirs.lib.min %>'","                    }","                ]","            }","        },","        cssmin: {","            lib: {","                expand: true,","                cwd: '<%= dirs.themes.dest %>',","                src: [ '**/*.css', '!compressed/**/*.css' ],","                dest: '<%= dirs.themes.min %>'","            }","        },","","","        // Prefix the styles.","        autoprefixer: {","            options: {","                browsers: [ '> 5%', 'last 2 versions', 'ie 8', 'ie 9' ]","            },","            themes: {","                src: '<%= dirs.themes.dest %>/**/*.css'","            },","        },","","","        // Unit test the files.","        qunit: {","            lib: [ '<%= dirs.tests %>/units/all.htm' ]","        },","","","        // Watch the project files.","        watch: {","            develop: {","                files: [","                    '<%= dirs.themes.src %>/**/*.less'","                ],","                tasks: [ 'develop-once' ]","            },","        }","","    }) //grunt.initConfig","","","    // Register the tasks.","    grunt.registerTask( 'default', [ 'develop' ] )","","    grunt.registerTask( 'develop', [ 'develop-once', 'watch:develop' ] )","    grunt.registerTask( 'develop-once', [ 'less:themes', 'autoprefixer:themes' ] )","","    grunt.registerTask( 'package', [ 'develop-once', 'uglify', 'cssmin' ] )","","    grunt.registerTask( 'test', [ 'jshint', 'qunit' ] )","","} //module.exports","","",""],"l":{"11":1,"14":0,"18":0,"19":0,"20":0,"21":0,"22":0,"23":0,"24":0,"28":0,"147":0,"149":0,"150":0,"152":0,"154":0}},"/home/travis/build/npmtest/node-npmtest-pickadate/node_modules/pickadate/lib/legacy.js":{"path":"/home/travis/build/npmtest/node-npmtest-pickadate/node_modules/pickadate/lib/legacy.js","s":{"1":1,"2":0,"3":0,"4":0,"5":0,"6":0,"7":0,"8":1,"9":0,"10":0,"11":0,"12":0,"13":0,"14":0,"15":0,"16":0,"17":0,"18":0,"19":0,"20":0,"21":0,"22":1,"23":0,"24":0,"25":0,"26":0,"27":0,"28":0,"29":0,"30":0,"31":0,"32":0,"33":0,"34":0,"35":0,"36":0,"37":0,"38":0,"39":0,"40":0,"41":0,"42":0,"43":1,"44":1,"45":9043,"46":9043,"47":8751,"48":292,"49":292,"50":292,"51":292,"52":0,"53":292,"54":292,"55":18563,"56":18563,"57":18563,"58":18563,"59":0,"60":0,"61":0,"62":0,"63":18563,"64":0,"65":18563,"66":18563,"67":18563,"68":0,"69":18563,"70":0,"71":292,"72":194,"73":194,"74":98,"75":292},"b":{"1":[0,1],"2":[0,0],"3":[0,1],"4":[0,0],"5":[0,0],"6":[0,0],"7":[0,0],"8":[0,1],"9":[0,0],"10":[0,0],"11":[0,0],"12":[0,0],"13":[0,0],"14":[0,0,0],"15":[0,0],"16":[0,0],"17":[0,0],"18":[0,0],"19":[0,0],"20":[8751,292],"21":[0,292],"22":[0,292],"23":[0,292],"24":[0,292],"25":[0,292],"26":[292,0],"27":[18563,0],"28":[0,18563],"29":[18563,0],"30":[0,0],"31":[0,18563],"32":[18563,0],"33":[0,18563],"34":[0,18563],"35":[194,98],"36":[194,0],"37":[194,0],"38":[0,292]},"f":{"1":0,"2":0,"3":0,"4":9043,"5":0},"fnMap":{"1":{"name":"(anonymous_1)","line":18,"loc":{"start":{"line":18,"column":26},"end":{"line":18,"column":54}}},"2":{"name":"(anonymous_2)","line":32,"loc":{"start":{"line":32,"column":29},"end":{"line":32,"column":50}}},"3":{"name":"(anonymous_3)","line":50,"loc":{"start":{"line":50,"column":30},"end":{"line":50,"column":56}}},"4":{"name":"(anonymous_4)","line":81,"loc":{"start":{"line":81,"column":25},"end":{"line":81,"column":52}}},"5":{"name":"(anonymous_5)","line":104,"loc":{"start":{"line":104,"column":45},"end":{"line":104,"column":57}}}},"statementMap":{"1":{"start":{"line":17,"column":0},"end":{"line":27,"column":1}},"2":{"start":{"line":18,"column":4},"end":{"line":26,"column":5}},"3":{"start":{"line":19,"column":8},"end":{"line":19,"column":73}},"4":{"start":{"line":20,"column":8},"end":{"line":24,"column":9}},"5":{"start":{"line":21,"column":12},"end":{"line":23,"column":13}},"6":{"start":{"line":22,"column":16},"end":{"line":22,"column":75}},"7":{"start":{"line":25,"column":8},"end":{"line":25,"column":23}},"8":{"start":{"line":31,"column":0},"end":{"line":45,"column":1}},"9":{"start":{"line":32,"column":4},"end":{"line":44,"column":5}},"10":{"start":{"line":33,"column":8},"end":{"line":33,"column":49}},"11":{"start":{"line":33,"column":28},"end":{"line":33,"column":49}},"12":{"start":{"line":34,"column":8},"end":{"line":34,"column":52}},"13":{"start":{"line":35,"column":8},"end":{"line":35,"column":66}},"14":{"start":{"line":35,"column":45},"end":{"line":35,"column":66}},"15":{"start":{"line":36,"column":8},"end":{"line":36,"column":49}},"16":{"start":{"line":37,"column":8},"end":{"line":42,"column":9}},"17":{"start":{"line":38,"column":10},"end":{"line":41,"column":11}},"18":{"start":{"line":39,"column":12},"end":{"line":39,"column":28}},"19":{"start":{"line":40,"column":12},"end":{"line":40,"column":73}},"20":{"start":{"line":40,"column":53},"end":{"line":40,"column":73}},"21":{"start":{"line":43,"column":8},"end":{"line":43,"column":23}},"22":{"start":{"line":49,"column":0},"end":{"line":71,"column":1}},"23":{"start":{"line":50,"column":4},"end":{"line":70,"column":5}},"24":{"start":{"line":51,"column":8},"end":{"line":51,"column":49}},"25":{"start":{"line":51,"column":28},"end":{"line":51,"column":49}},"26":{"start":{"line":52,"column":8},"end":{"line":52,"column":52}},"27":{"start":{"line":53,"column":8},"end":{"line":53,"column":34}},"28":{"start":{"line":53,"column":25},"end":{"line":53,"column":34}},"29":{"start":{"line":54,"column":8},"end":{"line":54,"column":17}},"30":{"start":{"line":55,"column":8},"end":{"line":63,"column":9}},"31":{"start":{"line":56,"column":12},"end":{"line":56,"column":40}},"32":{"start":{"line":57,"column":12},"end":{"line":62,"column":13}},"33":{"start":{"line":58,"column":16},"end":{"line":58,"column":21}},"34":{"start":{"line":60,"column":17},"end":{"line":62,"column":13}},"35":{"start":{"line":61,"column":16},"end":{"line":61,"column":65}},"36":{"start":{"line":64,"column":8},"end":{"line":64,"column":33}},"37":{"start":{"line":64,"column":24},"end":{"line":64,"column":33}},"38":{"start":{"line":65,"column":8},"end":{"line":65,"column":63}},"39":{"start":{"line":66,"column":8},"end":{"line":68,"column":9}},"40":{"start":{"line":67,"column":12},"end":{"line":67,"column":62}},"41":{"start":{"line":67,"column":54},"end":{"line":67,"column":62}},"42":{"start":{"line":69,"column":8},"end":{"line":69,"column":17}},"43":{"start":{"line":80,"column":0},"end":{"line":80,"column":94}},"44":{"start":{"line":81,"column":0},"end":{"line":133,"column":2}},"45":{"start":{"line":82,"column":4},"end":{"line":82,"column":18}},"46":{"start":{"line":83,"column":4},"end":{"line":85,"column":5}},"47":{"start":{"line":84,"column":8},"end":{"line":84,"column":54}},"48":{"start":{"line":86,"column":4},"end":{"line":92,"column":48}},"49":{"start":{"line":93,"column":4},"end":{"line":93,"column":57}},"50":{"start":{"line":94,"column":4},"end":{"line":94,"column":13}},"51":{"start":{"line":95,"column":4},"end":{"line":97,"column":5}},"52":{"start":{"line":96,"column":8},"end":{"line":96,"column":75}},"53":{"start":{"line":98,"column":4},"end":{"line":98,"column":56}},"54":{"start":{"line":99,"column":4},"end":{"line":124,"column":5}},"55":{"start":{"line":100,"column":8},"end":{"line":100,"column":49}},"56":{"start":{"line":101,"column":8},"end":{"line":120,"column":9}},"57":{"start":{"line":102,"column":12},"end":{"line":102,"column":62}},"58":{"start":{"line":103,"column":12},"end":{"line":111,"column":13}},"59":{"start":{"line":104,"column":16},"end":{"line":110,"column":18}},"60":{"start":{"line":105,"column":20},"end":{"line":109,"column":21}},"61":{"start":{"line":106,"column":24},"end":{"line":108,"column":25}},"62":{"start":{"line":107,"column":28},"end":{"line":107,"column":48}},"63":{"start":{"line":112,"column":12},"end":{"line":114,"column":13}},"64":{"start":{"line":113,"column":16},"end":{"line":113,"column":66}},"65":{"start":{"line":115,"column":12},"end":{"line":115,"column":40}},"66":{"start":{"line":116,"column":12},"end":{"line":116,"column":37}},"67":{"start":{"line":117,"column":12},"end":{"line":119,"column":13}},"68":{"start":{"line":118,"column":16},"end":{"line":118,"column":21}},"69":{"start":{"line":121,"column":8},"end":{"line":123,"column":9}},"70":{"start":{"line":122,"column":12},"end":{"line":122,"column":33}},"71":{"start":{"line":125,"column":4},"end":{"line":131,"column":5}},"72":{"start":{"line":126,"column":8},"end":{"line":128,"column":9}},"73":{"start":{"line":127,"column":12},"end":{"line":127,"column":27}},"74":{"start":{"line":130,"column":8},"end":{"line":130,"column":45}},"75":{"start":{"line":132,"column":4},"end":{"line":132,"column":66}}},"branchMap":{"1":{"line":17,"type":"if","locations":[{"start":{"line":17,"column":0},"end":{"line":17,"column":0}},{"start":{"line":17,"column":0},"end":{"line":17,"column":0}}]},"2":{"line":21,"type":"if","locations":[{"start":{"line":21,"column":12},"end":{"line":21,"column":12}},{"start":{"line":21,"column":12},"end":{"line":21,"column":12}}]},"3":{"line":31,"type":"if","locations":[{"start":{"line":31,"column":0},"end":{"line":31,"column":0}},{"start":{"line":31,"column":0},"end":{"line":31,"column":0}}]},"4":{"line":33,"type":"if","locations":[{"start":{"line":33,"column":8},"end":{"line":33,"column":8}},{"start":{"line":33,"column":8},"end":{"line":33,"column":8}}]},"5":{"line":35,"type":"if","locations":[{"start":{"line":35,"column":8},"end":{"line":35,"column":8}},{"start":{"line":35,"column":8},"end":{"line":35,"column":8}}]},"6":{"line":38,"type":"if","locations":[{"start":{"line":38,"column":10},"end":{"line":38,"column":10}},{"start":{"line":38,"column":10},"end":{"line":38,"column":10}}]},"7":{"line":40,"type":"if","locations":[{"start":{"line":40,"column":12},"end":{"line":40,"column":12}},{"start":{"line":40,"column":12},"end":{"line":40,"column":12}}]},"8":{"line":49,"type":"if","locations":[{"start":{"line":49,"column":0},"end":{"line":49,"column":0}},{"start":{"line":49,"column":0},"end":{"line":49,"column":0}}]},"9":{"line":51,"type":"if","locations":[{"start":{"line":51,"column":8},"end":{"line":51,"column":8}},{"start":{"line":51,"column":8},"end":{"line":51,"column":8}}]},"10":{"line":53,"type":"if","locations":[{"start":{"line":53,"column":8},"end":{"line":53,"column":8}},{"start":{"line":53,"column":8},"end":{"line":53,"column":8}}]},"11":{"line":55,"type":"if","locations":[{"start":{"line":55,"column":8},"end":{"line":55,"column":8}},{"start":{"line":55,"column":8},"end":{"line":55,"column":8}}]},"12":{"line":57,"type":"if","locations":[{"start":{"line":57,"column":12},"end":{"line":57,"column":12}},{"start":{"line":57,"column":12},"end":{"line":57,"column":12}}]},"13":{"line":60,"type":"if","locations":[{"start":{"line":60,"column":17},"end":{"line":60,"column":17}},{"start":{"line":60,"column":17},"end":{"line":60,"column":17}}]},"14":{"line":60,"type":"binary-expr","locations":[{"start":{"line":60,"column":22},"end":{"line":60,"column":29}},{"start":{"line":60,"column":33},"end":{"line":60,"column":46}},{"start":{"line":60,"column":50},"end":{"line":60,"column":64}}]},"15":{"line":61,"type":"binary-expr","locations":[{"start":{"line":61,"column":22},"end":{"line":61,"column":27}},{"start":{"line":61,"column":31},"end":{"line":61,"column":33}}]},"16":{"line":64,"type":"if","locations":[{"start":{"line":64,"column":8},"end":{"line":64,"column":8}},{"start":{"line":64,"column":8},"end":{"line":64,"column":8}}]},"17":{"line":65,"type":"cond-expr","locations":[{"start":{"line":65,"column":25},"end":{"line":65,"column":26}},{"start":{"line":65,"column":29},"end":{"line":65,"column":63}}]},"18":{"line":67,"type":"if","locations":[{"start":{"line":67,"column":12},"end":{"line":67,"column":12}},{"start":{"line":67,"column":12},"end":{"line":67,"column":12}}]},"19":{"line":67,"type":"binary-expr","locations":[{"start":{"line":67,"column":17},"end":{"line":67,"column":23}},{"start":{"line":67,"column":27},"end":{"line":67,"column":51}}]},"20":{"line":83,"type":"if","locations":[{"start":{"line":83,"column":4},"end":{"line":83,"column":4}},{"start":{"line":83,"column":4},"end":{"line":83,"column":4}}]},"21":{"line":87,"type":"cond-expr","locations":[{"start":{"line":87,"column":40},"end":{"line":87,"column":43}},{"start":{"line":87,"column":46},"end":{"line":87,"column":48}}]},"22":{"line":88,"type":"cond-expr","locations":[{"start":{"line":88,"column":40},"end":{"line":88,"column":43}},{"start":{"line":88,"column":46},"end":{"line":88,"column":48}}]},"23":{"line":89,"type":"cond-expr","locations":[{"start":{"line":89,"column":40},"end":{"line":89,"column":43}},{"start":{"line":89,"column":46},"end":{"line":89,"column":48}}]},"24":{"line":90,"type":"cond-expr","locations":[{"start":{"line":90,"column":40},"end":{"line":90,"column":43}},{"start":{"line":90,"column":46},"end":{"line":90,"column":48}}]},"25":{"line":95,"type":"if","locations":[{"start":{"line":95,"column":4},"end":{"line":95,"column":4}},{"start":{"line":95,"column":4},"end":{"line":95,"column":4}}]},"26":{"line":98,"type":"cond-expr","locations":[{"start":{"line":98,"column":34},"end":{"line":98,"column":42}},{"start":{"line":98,"column":45},"end":{"line":98,"column":56}}]},"27":{"line":101,"type":"if","locations":[{"start":{"line":101,"column":8},"end":{"line":101,"column":8}},{"start":{"line":101,"column":8},"end":{"line":101,"column":8}}]},"28":{"line":103,"type":"if","locations":[{"start":{"line":103,"column":12},"end":{"line":103,"column":12}},{"start":{"line":103,"column":12},"end":{"line":103,"column":12}}]},"29":{"line":103,"type":"binary-expr","locations":[{"start":{"line":103,"column":16},"end":{"line":103,"column":34}},{"start":{"line":103,"column":38},"end":{"line":103,"column":54}}]},"30":{"line":106,"type":"if","locations":[{"start":{"line":106,"column":24},"end":{"line":106,"column":24}},{"start":{"line":106,"column":24},"end":{"line":106,"column":24}}]},"31":{"line":112,"type":"if","locations":[{"start":{"line":112,"column":12},"end":{"line":112,"column":12}},{"start":{"line":112,"column":12},"end":{"line":112,"column":12}}]},"32":{"line":112,"type":"binary-expr","locations":[{"start":{"line":112,"column":16},"end":{"line":112,"column":32}},{"start":{"line":112,"column":36},"end":{"line":112,"column":60}}]},"33":{"line":117,"type":"if","locations":[{"start":{"line":117,"column":12},"end":{"line":117,"column":12}},{"start":{"line":117,"column":12},"end":{"line":117,"column":12}}]},"34":{"line":121,"type":"if","locations":[{"start":{"line":121,"column":8},"end":{"line":121,"column":8}},{"start":{"line":121,"column":8},"end":{"line":121,"column":8}}]},"35":{"line":125,"type":"if","locations":[{"start":{"line":125,"column":4},"end":{"line":125,"column":4}},{"start":{"line":125,"column":4},"end":{"line":125,"column":4}}]},"36":{"line":126,"type":"if","locations":[{"start":{"line":126,"column":8},"end":{"line":126,"column":8}},{"start":{"line":126,"column":8},"end":{"line":126,"column":8}}]},"37":{"line":126,"type":"binary-expr","locations":[{"start":{"line":126,"column":12},"end":{"line":126,"column":22}},{"start":{"line":126,"column":26},"end":{"line":126,"column":45}}]},"38":{"line":132,"type":"cond-expr","locations":[{"start":{"line":132,"column":35},"end":{"line":132,"column":57}},{"start":{"line":132,"column":60},"end":{"line":132,"column":66}}]}},"code":["","/*jshint","   asi: true,","   unused: true,","   boss: true,","   loopfunc: true,","   eqnull: true"," */","","","/*!"," * Legacy browser support"," */","","","// Map array support","if ( ![].map ) {","    Array.prototype.map = function ( callback, self ) {","        var array = this, len = array.length, newArray = new Array( len )","        for ( var i = 0; i < len; i++ ) {","            if ( i in array ) {","                newArray[ i ] = callback.call( self, array[ i ], i, array )","            }","        }","        return newArray","    }","}","","","// Filter array support","if ( ![].filter ) {","    Array.prototype.filter = function( callback ) {","        if ( this == null ) throw new TypeError()","        var t = Object( this ), len = t.length >>> 0","        if ( typeof callback != 'function' ) throw new TypeError()","        var newArray = [], thisp = arguments[ 1 ]","        for ( var i = 0; i < len; i++ ) {","          if ( i in t ) {","            var val = t[ i ]","            if ( callback.call( thisp, val, i, t ) ) newArray.push( val )","          }","        }","        return newArray","    }","}","","","// Index of array support","if ( ![].indexOf ) {","    Array.prototype.indexOf = function( searchElement ) {","        if ( this == null ) throw new TypeError()","        var t = Object( this ), len = t.length >>> 0","        if ( len === 0 ) return -1","        var n = 0","        if ( arguments.length > 1 ) {","            n = Number( arguments[ 1 ] )","            if ( n != n ) {","                n = 0","            }","            else if ( n !== 0 && n != Infinity && n != -Infinity ) {","                n = ( n > 0 || -1 ) * Math.floor( Math.abs( n ) )","            }","        }","        if ( n >= len ) return -1","        var k = n >= 0 ? n : Math.max( len - Math.abs( n ), 0 )","        for ( ; k < len; k++ ) {","            if ( k in t && t[ k ] === searchElement ) return k","        }","        return -1","    }","}","","","/*!"," * Cross-Browser Split 1.1.1"," * Copyright 2007-2012 Steven Levithan <stevenlevithan.com>"," * Available under the MIT License"," * http://blog.stevenlevithan.com/archives/cross-browser-split"," */","var nativeSplit = String.prototype.split, compliantExecNpcg = /()??/.exec('')[1] === undefined","String.prototype.split = function(separator, limit) {","    var str = this","    if (Object.prototype.toString.call(separator) !== '[object RegExp]') {","        return nativeSplit.call(str, separator, limit)","    }","    var output = [],","        flags = (separator.ignoreCase ? 'i' : '') +","                (separator.multiline  ? 'm' : '') +","                (separator.extended   ? 'x' : '') +","                (separator.sticky     ? 'y' : ''),","        lastLastIndex = 0,","        separator2, match, lastIndex, lastLength","    separator = new RegExp(separator.source, flags + 'g')","    str += ''","    if (!compliantExecNpcg) {","        separator2 = new RegExp('^' + separator.source + '$(?!\\\\s)', flags)","    }","    limit = limit === undefined ? -1 >>> 0 : limit >>> 0","    while (match = separator.exec(str)) {","        lastIndex = match.index + match[0].length","        if (lastIndex > lastLastIndex) {","            output.push(str.slice(lastLastIndex, match.index))","            if (!compliantExecNpcg && match.length > 1) {","                match[0].replace(separator2, function () {","                    for (var i = 1; i < arguments.length - 2; i++) {","                        if (arguments[i] === undefined) {","                            match[i] = undefined","                        }","                    }","                })","            }","            if (match.length > 1 && match.index < str.length) {","                Array.prototype.push.apply(output, match.slice(1))","            }","            lastLength = match[0].length","            lastLastIndex = lastIndex","            if (output.length >= limit) {","                break","            }","        }","        if (separator.lastIndex === match.index) {","            separator.lastIndex++","        }","    }","    if (lastLastIndex === str.length) {","        if (lastLength || !separator.test('')) {","            output.push('')","        }","    } else {","        output.push(str.slice(lastLastIndex))","    }","    return output.length > limit ? output.slice(0, limit) : output","};",""],"l":{"17":1,"18":0,"19":0,"20":0,"21":0,"22":0,"25":0,"31":1,"32":0,"33":0,"34":0,"35":0,"36":0,"37":0,"38":0,"39":0,"40":0,"43":0,"49":1,"50":0,"51":0,"52":0,"53":0,"54":0,"55":0,"56":0,"57":0,"58":0,"60":0,"61":0,"64":0,"65":0,"66":0,"67":0,"69":0,"80":1,"81":1,"82":2521,"83":2521,"84":2327,"86":194,"93":194,"94":194,"95":194,"96":0,"98":194,"99":194,"100":13292,"101":13292,"102":13292,"103":13292,"104":0,"105":0,"106":0,"107":0,"112":13292,"113":0,"115":13292,"116":13292,"117":13292,"118":0,"121":13292,"122":0,"125":194,"126":96,"127":96,"130":98,"132":194}},"/home/travis/build/npmtest/node-npmtest-pickadate/node_modules/pickadate/lib/picker.date.js":{"path":"/home/travis/build/npmtest/node-npmtest-pickadate/node_modules/pickadate/lib/picker.date.js","s":{"1":2,"2":2,"3":0,"4":2,"5":2,"6":0,"7":0,"8":1,"9":0,"10":0,"11":0,"12":0,"13":0,"14":0,"15":0,"16":0,"17":0,"18":0,"19":0,"20":0,"21":0,"22":0,"23":0,"24":0,"25":0,"26":0,"27":0,"28":0,"29":0,"30":0,"31":0,"32":0,"33":0,"34":0,"35":0,"36":0,"37":0,"38":0,"39":0,"40":0,"41":0,"42":0,"43":0,"44":0,"45":0,"46":0,"47":0,"48":0,"49":0,"50":0,"51":0,"52":0,"53":0,"54":0,"55":0,"56":0,"57":0,"58":0,"59":0,"60":0,"61":0,"62":0,"63":0,"64":0,"65":0,"66":0,"67":0,"68":0,"69":0,"70":0,"71":0,"72":0,"73":0,"74":0,"75":0,"76":0,"77":0,"78":0,"79":0,"80":0,"81":0,"82":0,"83":0,"84":0,"85":0,"86":0,"87":0,"88":0,"89":0,"90":0,"91":0,"92":0,"93":0,"94":0,"95":0,"96":0,"97":0,"98":0,"99":0,"100":0,"101":0,"102":0,"103":0,"104":0,"105":0,"106":0,"107":0,"108":0,"109":0,"110":0,"111":0,"112":0,"113":0,"114":0,"115":0,"116":0,"117":0,"118":0,"119":0,"120":0,"121":0,"122":0,"123":0,"124":0,"125":0,"126":0,"127":0,"128":0,"129":0,"130":0,"131":0,"132":0,"133":0,"134":0,"135":0,"136":0,"137":0,"138":0,"139":0,"140":0,"141":0,"142":0,"143":0,"144":0,"145":0,"146":0,"147":0,"148":0,"149":0,"150":0,"151":0,"152":0,"153":0,"154":0,"155":0,"156":0,"157":0,"158":0,"159":0,"160":0,"161":0,"162":0,"163":0,"164":0,"165":0,"166":0,"167":0,"168":0,"169":0,"170":0,"171":0,"172":0,"173":0,"174":0,"175":0,"176":0,"177":0,"178":0,"179":0,"180":0,"181":0,"182":0,"183":0,"184":0,"185":0,"186":0,"187":0,"188":0,"189":0,"190":0,"191":0,"192":0,"193":0,"194":0,"195":0,"196":1,"197":0,"198":0,"199":0,"200":0,"201":1,"202":0,"203":0,"204":0,"205":0,"206":0,"207":0,"208":0,"209":0,"210":0,"211":0,"212":0,"213":0,"214":0,"215":0,"216":0,"217":0,"218":0,"219":0,"220":0,"221":0,"222":0,"223":0,"224":0,"225":0,"226":0,"227":0,"228":0,"229":0,"230":0,"231":0,"232":0,"233":0,"234":0,"235":0,"236":0,"237":0,"238":0,"239":0,"240":0,"241":0,"242":0,"243":0,"244":0,"245":0,"246":0,"247":0,"248":0,"249":0,"250":0,"251":0,"252":0,"253":0,"254":0,"255":0,"256":0,"257":0,"258":0,"259":0,"260":0,"261":0,"262":0,"263":0,"264":0,"265":0,"266":0,"267":0,"268":0,"269":0,"270":0,"271":0,"272":0,"273":0,"274":0,"275":0,"276":0,"277":0,"278":0,"279":0,"280":0,"281":0,"282":0,"283":0,"284":0,"285":0,"286":0,"287":0,"288":0,"289":0,"290":0,"291":0,"292":0,"293":0,"294":0,"295":0,"296":0,"297":0,"298":0,"299":0,"300":0,"301":0,"302":0,"303":0,"304":0,"305":0,"306":0,"307":0,"308":0,"309":0,"310":0,"311":0,"312":0,"313":0,"314":0,"315":0,"316":0,"317":0,"318":0,"319":0,"320":0,"321":0,"322":0,"323":0,"324":0,"325":0,"326":0,"327":0,"328":0,"329":0,"330":0,"331":0,"332":0,"333":0,"334":0,"335":0,"336":0,"337":0,"338":0,"339":0,"340":0,"341":0,"342":0,"343":0,"344":0,"345":0,"346":0,"347":0,"348":0,"349":0,"350":0,"351":0},"b":{"1":[0,2],"2":[2,0],"3":[2,0],"4":[0,0],"5":[0,0],"6":[0,0],"7":[0,0],"8":[0,0],"9":[0,0],"10":[0,0],"11":[0,0],"12":[0,0],"13":[0,0],"14":[0,0],"15":[0,0],"16":[0,0],"17":[0,0],"18":[0,0],"19":[0,0],"20":[0,0],"21":[0,0],"22":[0,0],"23":[0,0],"24":[0,0],"25":[0,0],"26":[0,0],"27":[0,0],"28":[0,0],"29":[0,0],"30":[0,0],"31":[0,0],"32":[0,0],"33":[0,0],"34":[0,0],"35":[0,0],"36":[0,0],"37":[0,0],"38":[0,0],"39":[0,0],"40":[0,0],"41":[0,0],"42":[0,0,0],"43":[0,0],"44":[0,0],"45":[0,0],"46":[0,0],"47":[0,0],"48":[0,0],"49":[0,0],"50":[0,0,0,0],"51":[0,0],"52":[0,0],"53":[0,0],"54":[0,0],"55":[0,0],"56":[0,0],"57":[0,0,0,0],"58":[0,0],"59":[0,0],"60":[0,0],"61":[0,0],"62":[0,0],"63":[0,0],"64":[0,0],"65":[0,0],"66":[0,0],"67":[0,0],"68":[0,0],"69":[0,0],"70":[0,0],"71":[0,0,0],"72":[0,0],"73":[0,0,0,0,0,0,0,0,0,0],"74":[0,0],"75":[0,0,0,0,0,0],"76":[0,0],"77":[0,0,0],"78":[0,0],"79":[0,0],"80":[0,0],"81":[0,0],"82":[0,0],"83":[0,0],"84":[0,0],"85":[0,0],"86":[0,0],"87":[0,0],"88":[0,0],"89":[0,0],"90":[0,0],"91":[0,0,0,0],"92":[0,0],"93":[0,0,0],"94":[0,0],"95":[0,0],"96":[0,0],"97":[0,0],"98":[0,0],"99":[0,0],"100":[0,0],"101":[0,0],"102":[0,0],"103":[0,0],"104":[0,0],"105":[0,0],"106":[0,0],"107":[0,0],"108":[0,0],"109":[0,0],"110":[0,0],"111":[0,0],"112":[0,0],"113":[0,0],"114":[0,0],"115":[0,0],"116":[0,0],"117":[0,0],"118":[0,0,0,0],"119":[0,0],"120":[0,0,0,0],"121":[0,0],"122":[0,0],"123":[0,0],"124":[0,0],"125":[0,0],"126":[0,0,0],"127":[0,0],"128":[0,0,0],"129":[0,0],"130":[0,0],"131":[0,0],"132":[0,0],"133":[0,0],"134":[0,0],"135":[0,0],"136":[0,0],"137":[0,0],"138":[0,0],"139":[0,0,0,0,0,0],"140":[0,0],"141":[0,0],"142":[0,0],"143":[0,0],"144":[0,0],"145":[0,0],"146":[0,0],"147":[0,0],"148":[0,0],"149":[0,0],"150":[0,0],"151":[0,0],"152":[0,0],"153":[0,0],"154":[0,0],"155":[0,0],"156"
[...]
"Rgs\",\"Spa\",\"Lap\",\"Grd\"],weekdaysFull:[\"Sekmadienis\",\"Pirmadienis\",\"Antradienis\",\"Trečiadienis\",\"Ketvirtadienis\",\"Penktadienis\",\"Šeštadienis\"],weekdaysShort:[\"Sk\",\"Pr\",\"An\",\"Tr\",\"Kt\",\"Pn\",\"Št\"],today:\"Šiandien\",clear:\"Išvalyti\",close:\"Uždaryti\",firstDay:1,format:\"yyyy-mm-dd\",formatSubmit:\"yyyy/mm/dd\"}),jQuery.extend(jQuery.fn.pickatime.defaults,{clear:\"Išvalyti\",format:\"HH:i\"});"],"l":{"1":2}},"/home/travis/build/npmtest/node-npmtest-pickadate/node_modules/pickadate/lib/compressed/translations/lv_LV.js":{"path":"/home/travis/build/npmtest/node-npmtest-pickadate/node_modules/pickadate/lib/compressed/translations/lv_LV.js","s":{"1":2},"b":{},"f":{},"fnMap":{},"statementMap":{"1":{"start":{"line":1,"column":0},"end":{"line":1,"column":511}}},"branchMap":{},"code":["jQuery.extend(jQuery.fn.pickadate.defaults,{monthsFull:[\"Janvāris\",\"Februāris\",\"Marts\",\"Aprīlis\",\"Maijs\",\"Jūnijs\",\"Jūlijs\",\"Augusts\",\"Septembris\",\"Oktobris\",\"Novembris\",\"Decembris\"],monthsShort:[\"Jan\",\"Feb\",\"Mar\",\"Apr\",\"Mai\",\"Jūn\",\"Jūl\",\"Aug\",\"Sep\",\"Okt\",\"Nov\",\"Dec\"],weekdaysFull:[\"Svētdiena\",\"Pirmdiena\",\"Otrdiena\",\"Trešdiena\",\"Ceturtdiena\",\"Piektdiena\",\"Sestdiena\"],weekdaysShort:[\"Sv\",\"P\",\"O\",\"T\",\"C\",\"Pk\",\"S\"],today:\"Šodiena\",clear:\"Atcelt\",firstDay:1,format:\"yyyy.mm.dd. dddd\",formatSubmit:\"yyyy/mm/dd\"});"],"l":{"1":2}},"/home/travis/build/npmtest/node-npmtest-pickadate/node_modules/pickadate/lib/compressed/translations/nb_NO.js":{"path":"/home/travis/build/npmtest/node-npmtest-pickadate/node_modules/pickadate/lib/compressed/translations/nb_NO.js","s":{"1":2},"b":{},"f":{},"fnMap":{},"statementMap":{"1":{"start":{"line":1,"column":0},"end":{"line":1,"column":559}}},"branchMap":{},"code":["jQuery.extend(jQuery.fn.pickadate.defaults,{monthsFull:[\"januar\",\"februar\",\"mars\",\"april\",\"mai\",\"juni\",\"juli\",\"august\",\"september\",\"oktober\",\"november\",\"desember\"],monthsShort:[\"jan\",\"feb\",\"mar\",\"apr\",\"mai\",\"jun\",\"jul\",\"aug\",\"sep\",\"okt\",\"nov\",\"des\"],weekdaysFull:[\"søndag\",\"mandag\",\"tirsdag\",\"onsdag\",\"torsdag\",\"fredag\",\"lørdag\"],weekdaysShort:[\"søn\",\"man\",\"tir\",\"ons\",\"tor\",\"fre\",\"lør\"],today:\"i dag\",clear:\"nullstill\",close:\"lukk\",firstDay:1,format:\"dd. mmm. yyyy\",formatSubmit:\"yyyy/mm/dd\"}),jQuery.extend(jQuery.fn.pickatime.defaults,{clear:\"nullstill\"});"],"l":{"1":2}},"/home/travis/build/npmtest/node-npmtest-pickadate/node_modules/pickadate/lib/compressed/translations/ne_NP.js":{"path":"/home/travis/build/npmtest/node-npmtest-pickadate/node_modules/pickadate/lib/compressed/translations/ne_NP.js","s":{"1":2},"b":{},"f":{},"fnMap":{},"statementMap":{"1":{"start":{"line":1,"column":0},"end":{"line":1,"column":613}}},"branchMap":{},"code":["jQuery.extend(jQuery.fn.pickadate.defaults,{monthsFull:[\"जनवरी\",\"फेब्रुअरी\",\"मार्च\",\"अप्रिल\",\"मे\",\"जुन\",\"जुलाई\",\"अगस्त\",\"सेप्टेम्बर\",\"अक्टोबर\",\"नोवेम्बर\",\"डिसेम्बर\"],monthsShort:[\"जन\",\"फेब्रु\",\"मार्च\",\"अप्रिल\",\"मे\",\"जुन\",\"जुल\",\"अग\",\"सेप्टे\",\"अक्टो\",\"नोभे\",\"डिसे\"],weekdaysFull:[\"सोमबार\",\"मङ्लबार\",\"बुधबार\",\"बिहीबार\",\"शुक्रबार\",\"शनिबार\",\"आईतबार\"],weekdaysShort:[\"सोम\",\"मंगल्\",\"बुध\",\"बिही\",\"शुक्र\",\"शनि\",\"आईत\"],numbers:[\"०\",\"१\",\"२\",\"३\",\"४\",\"५\",\"६\",\"७\",\"८\",\"९\"],today:\"आज\",clear:\"मेटाउनुहोस्\",format:\"dddd, dd mmmm, yyyy\",formatSubmit:\"yyyy/mm/dd\"}),jQuery.extend(jQuery.fn.pickatime.defaults,{clear:\"मेटाउनुहोस्\"});"],"l":{"1":2}},"/home/travis/build/npmtest/node-npmtest-pickadate/node_modules/pickadate/lib/compressed/translations/nl_NL.js":{"path":"/home/travis/build/npmtest/node-npmtest-pickadate/node_modules/pickadate/lib/compressed/translations/nl_NL.js","s":{"1":2},"b":{},"f":{},"fnMap":{},"statementMap":{"1":{"start":{"line":1,"column":0},"end":{"line":1,"column":577}}},"branchMap":{},"code":["jQuery.extend(jQuery.fn.pickadate.defaults,{monthsFull:[\"januari\",\"februari\",\"maart\",\"april\",\"mei\",\"juni\",\"juli\",\"augustus\",\"september\",\"oktober\",\"november\",\"december\"],monthsShort:[\"jan\",\"feb\",\"maa\",\"apr\",\"mei\",\"jun\",\"jul\",\"aug\",\"sep\",\"okt\",\"nov\",\"dec\"],weekdaysFull:[\"zondag\",\"maandag\",\"dinsdag\",\"woensdag\",\"donderdag\",\"vrijdag\",\"zaterdag\"],weekdaysShort:[\"zo\",\"ma\",\"di\",\"wo\",\"do\",\"vr\",\"za\"],today:\"vandaag\",clear:\"verwijderen\",close:\"sluiten\",firstDay:1,format:\"dddd d mmmm yyyy\",formatSubmit:\"yyyy/mm/dd\"}),jQuery.extend(jQuery.fn.pickatime.defaults,{clear:\"verwijderen\"});"],"l":{"1":2}},"/home/travis/build/npmtest/node-npmtest-pickadate/node_modules/pickadate/lib/compressed/translations/no_NO.js":{"path":"/home/travis/build/npmtest/node-npmtest-pickadate/node_modules/pickadate/lib/compressed/translations/no_NO.js","s":{"1":2},"b":{},"f":{},"fnMap":{},"statementMap":{"1":{"start":{"line":1,"column":0},"end":{"line":1,"column":482}}},"branchMap":{},"code":["jQuery.extend(jQuery.fn.pickadate.defaults,{monthsFull:[\"januar\",\"februar\",\"mars\",\"april\",\"mai\",\"juni\",\"juli\",\"august\",\"september\",\"oktober\",\"november\",\"desember\"],monthsShort:[\"jan\",\"feb\",\"mar\",\"apr\",\"mai\",\"jun\",\"jul\",\"aug\",\"sep\",\"okt\",\"nov\",\"des\"],weekdaysFull:[\"søndag\",\"mandag\",\"tirsdag\",\"onsdag\",\"torsdag\",\"fredag\",\"lørdag\"],weekdaysShort:[\"søn\",\"man\",\"tir\",\"ons\",\"tor\",\"fre\",\"lør\"],today:\"i dag\",clear:\"nullstill\",firstDay:1,format:\"dd. mmm. yyyy\",formatSubmit:\"yyyy/mm/dd\"});"],"l":{"1":2}},"/home/travis/build/npmtest/node-npmtest-pickadate/node_modules/pickadate/lib/compressed/translations/pl_PL.js":{"path":"/home/travis/build/npmtest/node-npmtest-pickadate/node_modules/pickadate/lib/compressed/translations/pl_PL.js","s":{"1":2},"b":{},"f":{},"fnMap":{},"statementMap":{"1":{"start":{"line":1,"column":0},"end":{"line":1,"column":580}}},"branchMap":{},"code":["jQuery.extend(jQuery.fn.pickadate.defaults,{monthsFull:[\"styczeń\",\"luty\",\"marzec\",\"kwiecień\",\"maj\",\"czerwiec\",\"lipiec\",\"sierpień\",\"wrzesień\",\"październik\",\"listopad\",\"grudzień\"],monthsShort:[\"sty\",\"lut\",\"mar\",\"kwi\",\"maj\",\"cze\",\"lip\",\"sie\",\"wrz\",\"paź\",\"lis\",\"gru\"],weekdaysFull:[\"niedziela\",\"poniedziałek\",\"wtorek\",\"środa\",\"czwartek\",\"piątek\",\"sobota\"],weekdaysShort:[\"niedz.\",\"pn.\",\"wt.\",\"śr.\",\"cz.\",\"pt.\",\"sob.\"],today:\"Dzisiaj\",clear:\"Usuń\",close:\"Zamknij\",firstDay:1,format:\"d mmmm yyyy\",formatSubmit:\"yyyy/mm/dd\"}),jQuery.extend(jQuery.fn.pickatime.defaults,{clear:\"usunąć\"});"],"l":{"1":2}},"/home/travis/build/npmtest/node-npmtest-pickadate/node_modules/pickadate/lib/compressed/translations/pt_BR.js":{"path":"/home/travis/build/npmtest/node-npmtest-pickadate/node_modules/pickadate/lib/compressed/translations/pt_BR.js","s":{"1":2},"b":{},"f":{},"fnMap":{},"statementMap":{"1":{"start":{"line":1,"column":0},"end":{"line":1,"column":589}}},"branchMap":{},"code":["jQuery.extend(jQuery.fn.pickadate.defaults,{monthsFull:[\"janeiro\",\"fevereiro\",\"março\",\"abril\",\"maio\",\"junho\",\"julho\",\"agosto\",\"setembro\",\"outubro\",\"novembro\",\"dezembro\"],monthsShort:[\"jan\",\"fev\",\"mar\",\"abr\",\"mai\",\"jun\",\"jul\",\"ago\",\"set\",\"out\",\"nov\",\"dez\"],weekdaysFull:[\"domingo\",\"segunda-feira\",\"terça-feira\",\"quarta-feira\",\"quinta-feira\",\"sexta-feira\",\"sábado\"],weekdaysShort:[\"dom\",\"seg\",\"ter\",\"qua\",\"qui\",\"sex\",\"sab\"],today:\"hoje\",clear:\"limpar\",close:\"fechar\",format:\"dddd, d !de mmmm !de yyyy\",formatSubmit:\"yyyy/mm/dd\"}),jQuery.extend(jQuery.fn.pickatime.defaults,{clear:\"limpar\"});"],"l":{"1":2}},"/home/travis/build/npmtest/node-npmtest-pickadate/node_modules/pickadate/lib/compressed/translations/pt_PT.js":{"path":"/home/travis/build/npmtest/node-npmtest-pickadate/node_modules/pickadate/lib/compressed/translations/pt_PT.js","s":{"1":2},"b":{},"f":{},"fnMap":{},"statementMap":{"1":{"start":{"line":1,"column":0},"end":{"line":1,"column":553}}},"branchMap":{},"code":["jQuery.extend(jQuery.fn.pickadate.defaults,{monthsFull:[\"Janeiro\",\"Fevereiro\",\"Março\",\"Abril\",\"Maio\",\"Junho\",\"Julho\",\"Agosto\",\"Setembro\",\"Outubro\",\"Novembro\",\"Dezembro\"],monthsShort:[\"jan\",\"fev\",\"mar\",\"abr\",\"mai\",\"jun\",\"jul\",\"ago\",\"set\",\"out\",\"nov\",\"dez\"],weekdaysFull:[\"Domingo\",\"Segunda\",\"Terça\",\"Quarta\",\"Quinta\",\"Sexta\",\"Sábado\"],weekdaysShort:[\"dom\",\"seg\",\"ter\",\"qua\",\"qui\",\"sex\",\"sab\"],today:\"Hoje\",clear:\"Limpar\",close:\"Fechar\",format:\"d !de mmmm !de yyyy\",formatSubmit:\"yyyy/mm/dd\"}),jQuery.extend(jQuery.fn.pickatime.defaults,{clear:\"Limpar\"});"],"l":{"1":2}},"/home/travis/build/npmtest/node-npmtest-pickadate/node_modules/pickadate/lib/compressed/translations/ro_RO.js":{"path":"/home/travis/build/npmtest/node-npmtest-pickadate/node_modules/pickadate/lib/compressed/translations/ro_RO.js","s":{"1":2},"b":{},"f":{},"fnMap":{},"statementMap":{"1":{"start":{"line":1,"column":0},"end":{"line":1,"column":537}}},"branchMap":{},"code":["jQuery.extend(jQuery.fn.pickadate.defaults,{monthsFull:[\"ianuarie\",\"februarie\",\"martie\",\"aprilie\",\"mai\",\"iunie\",\"iulie\",\"august\",\"septembrie\",\"octombrie\",\"noiembrie\",\"decembrie\"],monthsShort:[\"ian\",\"feb\",\"mar\",\"apr\",\"mai\",\"iun\",\"iul\",\"aug\",\"sep\",\"oct\",\"noi\",\"dec\"],weekdaysFull:[\"duminică\",\"luni\",\"marţi\",\"miercuri\",\"joi\",\"vineri\",\"sâmbătă\"],weekdaysShort:[\"D\",\"L\",\"Ma\",\"Mi\",\"J\",\"V\",\"S\"],today:\"azi\",clear:\"șterge\",firstDay:1,format:\"dd mmmm yyyy\",formatSubmit:\"yyyy/mm/dd\"}),jQuery.extend(jQuery.fn.pickatime.defaults,{clear:\"șterge\"});"],"l":{"1":2}},"/home/travis/build/npmtest/node-npmtest-pickadate/node_modules/pickadate/lib/compressed/translations/ru_RU.js":{"path":"/home/travis/build/npmtest/node-npmtest-pickadate/node_modules/pickadate/lib/compressed/translations/ru_RU.js","s":{"1":2},"b":{},"f":{},"fnMap":{},"statementMap":{"1":{"start":{"line":1,"column":0},"end":{"line":1,"column":564}}},"branchMap":{},"code":["jQuery.extend(jQuery.fn.pickadate.defaults,{monthsFull:[\"января\",\"февраля\",\"марта\",\"апреля\",\"мая\",\"июня\",\"июля\",\"августа\",\"сентября\",\"октября\",\"ноября\",\"декабря\"],monthsShort:[\"янв\",\"фев\",\"мар\",\"апр\",\"май\",\"июн\",\"июл\",\"авг\",\"сен\",\"окт\",\"ноя\",\"дек\"],weekdaysFull:[\"воскресенье\",\"понедельник\",\"вторник\",\"среда\",\"четверг\",\"пятница\",\"суббота\"],weekdaysShort:[\"вс\",\"пн\",\"вт\",\"ср\",\"чт\",\"пт\",\"сб\"],today:\"сегодня\",clear:\"удалить\",close:\"закрыть\",firstDay:1,format:\"d mmmm yyyy г.\",formatSubmit:\"yyyy/mm/dd\"}),jQuery.extend(jQuery.fn.pickatime.defaults,{clear:\"удалить\"});"],"l":{"1":2}},"/home/travis/build/npmtest/node-npmtest-pickadate/node_modules/pickadate/lib/compressed/translations/sk_SK.js":{"path":"/home/travis/build/npmtest/node-npmtest-pickadate/node_modules/pickadate/lib/compressed/translations/sk_SK.js","s":{"1":2},"b":{},"f":{},"fnMap":{},"statementMap":{"1":{"start":{"line":1,"column":0},"end":{"line":1,"column":549}}},"branchMap":{},"code":["jQuery.extend(jQuery.fn.pickadate.defaults,{monthsFull:[\"január\",\"február\",\"marec\",\"apríl\",\"máj\",\"jún\",\"júl\",\"august\",\"september\",\"október\",\"november\",\"december\"],monthsShort:[\"jan\",\"feb\",\"mar\",\"apr\",\"máj\",\"jún\",\"júl\",\"aug\",\"sep\",\"okt\",\"nov\",\"dec\"],weekdaysFull:[\"nedeľa\",\"pondelok\",\"utorok\",\"streda\",\"štvrtok\",\"piatok\",\"sobota\"],weekdaysShort:[\"Ne\",\"Po\",\"Ut\",\"St\",\"Št\",\"Pi\",\"So\"],today:\"dnes\",clear:\"vymazať\",close:\"zavrieť\",firstDay:1,format:\"d. mmmm yyyy\",formatSubmit:\"yyyy/mm/dd\"}),jQuery.extend(jQuery.fn.pickatime.defaults,{clear:\"vymazať\"});"],"l":{"1":2}},"/home/travis/build/npmtest/node-npmtest-pickadate/node_modules/pickadate/lib/compressed/translations/sl_SI.js":{"path":"/home/travis/build/npmtest/node-npmtest-pickadate/node_modules/pickadate/lib/compressed/translations/sl_SI.js","s":{"1":2},"b":{},"f":{},"fnMap":{},"statementMap":{"1":{"start":{"line":1,"column":0},"end":{"line":1,"column":559}}},"branchMap":{},"code":["jQuery.extend(jQuery.fn.pickadate.defaults,{monthsFull:[\"januar\",\"februar\",\"marec\",\"april\",\"maj\",\"junij\",\"julij\",\"avgust\",\"september\",\"oktober\",\"november\",\"december\"],monthsShort:[\"jan\",\"feb\",\"mar\",\"apr\",\"maj\",\"jun\",\"jul\",\"avg\",\"sep\",\"okt\",\"nov\",\"dec\"],weekdaysFull:[\"nedelja\",\"ponedeljek\",\"torek\",\"sreda\",\"četrtek\",\"petek\",\"sobota\"],weekdaysShort:[\"ned\",\"pon\",\"tor\",\"sre\",\"čet\",\"pet\",\"sob\"],today:\"danes\",clear:\"izbriši\",close:\"zapri\",firstDay:1,format:\"d. mmmm yyyy\",formatSubmit:\"yyyy/mm/dd\"}),jQuery.extend(jQuery.fn.pickatime.defaults,{clear:\"izbriši\"});"],"l":{"1":2}},"/home/travis/build/npmtest/node-npmtest-pickadate/node_modules/pickadate/lib/compressed/translations/sv_SE.js":{"path":"/home/travis/build/npmtest/node-npmtest-pickadate/node_modules/pickadate/lib/compressed/translations/sv_SE.js","s":{"1":2},"b":{},"f":{},"fnMap":{},"statementMap":{"1":{"start":{"line":1,"column":0},"end":{"line":1,"column":669}}},"branchMap":{},"code":["jQuery.extend(jQuery.fn.pickadate.defaults,{monthsFull:[\"januari\",\"februari\",\"mars\",\"april\",\"maj\",\"juni\",\"juli\",\"augusti\",\"september\",\"oktober\",\"november\",\"december\"],monthsShort:[\"jan\",\"feb\",\"mar\",\"apr\",\"maj\",\"jun\",\"jul\",\"aug\",\"sep\",\"okt\",\"nov\",\"dec\"],weekdaysFull:[\"söndag\",\"måndag\",\"tisdag\",\"onsdag\",\"torsdag\",\"fredag\",\"lördag\"],weekdaysShort:[\"sön\",\"mån\",\"tis\",\"ons\",\"tor\",\"fre\",\"lör\"],today:\"Idag\",clear:\"Rensa\",close:\"Stäng\",firstDay:1,format:\"yyyy-mm-dd\",formatSubmit:\"yyyy/mm/dd\",labelMonthNext:\"Nästa månad\",labelMonthPrev:\"Föregående månad\",labelMonthSelect:\"Välj månad\",labelYearSelect:\"Välj år\"}),jQuery.extend(jQuery.fn.pickatime.defaults,{clear:\"Rensa\"});"],"l":{"1":2}},"/home/travis/build/npmtest/node-npmtest-pickadate/node_modules/pickadate/lib/compressed/translations/th_TH.js":{"path":"/home/travis/build/npmtest/node-npmtest-pickadate/node_modules/pickadate/lib/compressed/translations/th_TH.js","s":{"1":2},"b":{},"f":{},"fnMap":{},"statementMap":{"1":{"start":{"line":1,"column":0},"end":{"line":1,"column":537}}},"branchMap":{},"code":["jQuery.extend(jQuery.fn.pickadate.defaults,{monthsFull:[\"มกราคม\",\"กุมภาพันธ์\",\"มีนาคม\",\"เมษายน\",\"พฤษภาคม\",\"มิถุนายน\",\"กรกฎาคม\",\"สิงหาคม\",\"กันยายน\",\"ตุลาคม\",\"พฤศจิกายน\",\"ธันวาคม\"],monthsShort:[\"ม.ค.\",\"ก.พ.\",\"มี.ค.\",\"เม.ย.\",\"พ.ค.\",\"มิ.ย.\",\"ก.ค.\",\"ส.ค.\",\"ก.ย.\",\"ต.ค.\",\"พ.ย.\",\"ธ.ค.\"],weekdaysFull:[\"อาทติย\",\"จันทร\",\"องัคาร\",\"พุธ\",\"พฤหสั บดี\",\"ศกุร\",\"เสาร\"],weekdaysShort:[\"อ.\",\"จ.\",\"อ.\",\"พ.\",\"พฤ.\",\"ศ.\",\"ส.\"],today:\"วันนี้\",clear:\"ลบ\",format:\"d mmmm yyyy\",formatSubmit:\"yyyy/mm/dd\"}),jQuery.extend(jQuery.fn.pickatime.defaults,{clear:\"ลบ\"});"],"l":{"1":2}},"/home/travis/build/npmtest/node-npmtest-pickadate/node_modules/pickadate/lib/compressed/translations/tr_TR.js":{"path":"/home/travis/build/npmtest/node-npmtest-pickadate/node_modules/pickadate/lib/compressed/translations/tr_TR.js","s":{"1":2},"b":{},"f":{},"fnMap":{},"statementMap":{"1":{"start":{"line":1,"column":0},"end":{"line":1,"column":547}}},"branchMap":{},"code":["jQuery.extend(jQuery.fn.pickadate.defaults,{monthsFull:[\"Ocak\",\"Şubat\",\"Mart\",\"Nisan\",\"Mayıs\",\"Haziran\",\"Temmuz\",\"Ağustos\",\"Eylül\",\"Ekim\",\"Kasım\",\"Aralık\"],monthsShort:[\"Oca\",\"Şub\",\"Mar\",\"Nis\",\"May\",\"Haz\",\"Tem\",\"Ağu\",\"Eyl\",\"Eki\",\"Kas\",\"Ara\"],weekdaysFull:[\"Pazar\",\"Pazartesi\",\"Salı\",\"Çarşamba\",\"Perşembe\",\"Cuma\",\"Cumartesi\"],weekdaysShort:[\"Pzr\",\"Pzt\",\"Sal\",\"Çrş\",\"Prş\",\"Cum\",\"Cmt\"],today:\"Bugün\",clear:\"Sil\",close:\"Kapat\",firstDay:1,format:\"dd mmmm yyyy dddd\",formatSubmit:\"yyyy/mm/dd\"}),jQuery.extend(jQuery.fn.pickatime.defaults,{clear:\"sil\"});"],"l":{"1":2}},"/home/travis/build/npmtest/node-npmtest-pickadate/node_modules/pickadate/lib/compressed/translations/uk_UA.js":{"path":"/home/travis/build/npmtest/node-npmtest-pickadate/node_modules/pickadate/lib/compressed/translations/uk_UA.js","s":{"1":2},"b":{},"f":{},"fnMap":{},"statementMap":{"1":{"start":{"line":1,"column":0},"end":{"line":1,"column":563}}},"branchMap":{},"code":["jQuery.extend(jQuery.fn.pickadate.defaults,{monthsFull:[\"січень\",\"лютий\",\"березень\",\"квітень\",\"травень\",\"червень\",\"липень\",\"серпень\",\"вересень\",\"жовтень\",\"листопад\",\"грудень\"],monthsShort:[\"січ\",\"лют\",\"бер\",\"кві\",\"тра\",\"чер\",\"лип\",\"сер\",\"вер\",\"жов\",\"лис\",\"гру\"],weekdaysFull:[\"неділя\",\"понеділок\",\"вівторок\",\"середа\",\"четвер\",\"п‘ятниця\",\"субота\"],weekdaysShort:[\"нд\",\"пн\",\"вт\",\"ср\",\"чт\",\"пт\",\"сб\"],today:\"сьогодні\",clear:\"викреслити\",firstDay:1,format:\"dd mmmm yyyy p.\",formatSubmit:\"yyyy/mm/dd\"}),jQuery.extend(jQuery.fn.pickatime.defaults,{clear:\"викреслити\"});"],"l":{"1":2}},"/home/travis/build/npmtest/node-npmtest-pickadate/node_modules/pickadate/lib/compressed/translations/vi_VN.js":{"path":"/home/travis/build/npmtest/node-npmtest-pickadate/node_modules/pickadate/lib/compressed/translations/vi_VN.js","s":{"1":2},"b":{},"f":{},"fnMap":{},"statementMap":{"1":{"start":{"line":1,"column":0},"end":{"line":1,"column":561}}},"branchMap":{},"code":["jQuery.extend(jQuery.fn.pickadate.defaults,{monthsFull:[\"Tháng Một\",\"Tháng Hai\",\"Tháng Ba\",\"Tháng Tư\",\"Tháng Năm\",\"Tháng Sáu\",\"Tháng Bảy\",\"Tháng Tám\",\"Tháng Chín\",\"Tháng Mười\",\"Tháng Mười Một\",\"Tháng Mười Hai\"],monthsShort:[\"Một\",\"Hai\",\"Ba\",\"Tư\",\"Năm\",\"Sáu\",\"Bảy\",\"Tám\",\"Chín\",\"Mưới\",\"Mười Một\",\"Mười Hai\"],weekdaysFull:[\"Chủ Nhật\",\"Thứ Hai\",\"Thứ Ba\",\"Thứ Tư\",\"Thứ Năm\",\"Thứ Sáu\",\"Thứ Bảy\"],weekdaysShort:[\"C.Nhật\",\"T.Hai\",\"T.Ba\",\"T.Tư\",\"T.Năm\",\"T.Sáu\",\"T.Bảy\"],today:\"Hôm Nay\",clear:\"Xoá\",firstDay:1}),jQuery.extend(jQuery.fn.pickatime.defaults,{clear:\"Xoá\"});"],"l":{"1":2}},"/home/travis/build/npmtest/node-npmtest-pickadate/node_modules/pickadate/lib/compressed/translations/zh_CN.js":{"path":"/home/travis/build/npmtest/node-npmtest-pickadate/node_modules/pickadate/lib/compressed/translations/zh_CN.js","s":{"1":2},"b":{},"f":{},"fnMap":{},"statementMap":{"1":{"start":{"line":1,"column":0},"end":{"line":1,"column":439}}},"branchMap":{},"code":["jQuery.extend(jQuery.fn.pickadate.defaults,{monthsFull:[\"一月\",\"二月\",\"三月\",\"四月\",\"五月\",\"六月\",\"七月\",\"八月\",\"九月\",\"十月\",\"十一月\",\"十二月\"],monthsShort:[\"一\",\"二\",\"三\",\"四\",\"五\",\"六\",\"七\",\"八\",\"九\",\"十\",\"十一\",\"十二\"],weekdaysFull:[\"星期日\",\"星期一\",\"星期二\",\"星期三\",\"星期四\",\"星期五\",\"星期六\"],weekdaysShort:[\"日\",\"一\",\"二\",\"三\",\"四\",\"五\",\"六\"],today:\"今日\",clear:\"清除\",close:\"关闭\",firstDay:1,format:\"yyyy 年 mm 月 dd 日\",formatSubmit:\"yyyy/mm/dd\"}),jQuery.extend(jQuery.fn.pickatime.defaults,{clear:\"清除\"});"],"l":{"1":2}},"/home/travis/build/npmtest/node-npmtest-pickadate/node_modules/pickadate/lib/compressed/translations/zh_TW.js":{"path":"/home/travis/build/npmtest/node-npmtest-pickadate/node_modules/pickadate/lib/compressed/translations/zh_TW.js","s":{"1":2},"b":{},"f":{},"fnMap":{},"statementMap":{"1":{"start":{"line":1,"column":0},"end":{"line":1,"column":439}}},"branchMap":{},"code":["jQuery.extend(jQuery.fn.pickadate.defaults,{monthsFull:[\"一月\",\"二月\",\"三月\",\"四月\",\"五月\",\"六月\",\"七月\",\"八月\",\"九月\",\"十月\",\"十一月\",\"十二月\"],monthsShort:[\"一\",\"二\",\"三\",\"四\",\"五\",\"六\",\"七\",\"八\",\"九\",\"十\",\"十一\",\"十二\"],weekdaysFull:[\"星期日\",\"星期一\",\"星期二\",\"星期三\",\"星期四\",\"星期五\",\"星期六\"],weekdaysShort:[\"日\",\"一\",\"二\",\"三\",\"四\",\"五\",\"六\"],today:\"今天\",clear:\"清除\",close:\"关闭\",firstDay:1,format:\"yyyy 年 mm 月 dd 日\",formatSubmit:\"yyyy/mm/dd\"}),jQuery.extend(jQuery.fn.pickatime.defaults,{clear:\"清除\"});"],"l":{"1":2}}}